[  2%] Built target lsl__cpp
[ 11%] Built target lsl__rosidl_generator_c
[ 11%] Built target ament_cmake_python_symlink_lsl
[ 17%] Built target lsl_node
[ 25%] Built target lsl__rosidl_typesupport_fastrtps_cpp
[ 37%] Built target lsl__rosidl_typesupport_introspection_c
[ 42%] Built target lsl__rosidl_typesupport_cpp
[ 51%] Built target lsl__rosidl_typesupport_introspection_cpp
[ 68%] Built target lsl__rosidl_typesupport_fastrtps_c
[ 68%] Built target lsl__rosidl_typesupport_c
[ 71%] [32mBuilding CXX object CMakeFiles/EEG_Stream_to_ROS.dir/src/EEG_Stream_to_ROS.cpp.o[0m
[ 71%] Built target lsl
[ 74%] Built target lsl__py
[ 80%] Built target lsl__rosidl_generator_py
[ 97%] Built target lsl__rosidl_typesupport_introspection_c__pyext
[ 97%] Built target lsl__rosidl_typesupport_c__pyext
[ 97%] Built target lsl__rosidl_typesupport_fastrtps_c__pyext
running egg_info
writing lsl.egg-info/PKG-INFO
writing dependency_links to lsl.egg-info/dependency_links.txt
writing top-level names to lsl.egg-info/top_level.txt
reading manifest file 'lsl.egg-info/SOURCES.txt'
writing manifest file 'lsl.egg-info/SOURCES.txt'
[ 97%] Built target ament_cmake_python_build_lsl_egg
