[0.010s] Invoking command in '/home/aokilab/lab/lsl_ws/build/lsl': CMAKE_PREFIX_PATH=/opt/ros/humble /usr/bin/cmake --build /home/aokilab/lab/lsl_ws/build/lsl -- -j22 -l22
[0.035s] [  2%] Built target lsl__cpp
[0.037s] [ 11%] Built target lsl__rosidl_generator_c
[0.038s] [ 11%] Built target ament_cmake_python_symlink_lsl
[0.040s] [ 17%] Built target lsl_node
[0.043s] [ 25%] Built target lsl__rosidl_typesupport_fastrtps_cpp
[0.043s] [ 37%] Built target lsl__rosidl_typesupport_introspection_c
[0.043s] [ 42%] Built target lsl__rosidl_typesupport_cpp
[0.044s] [ 51%] Built target lsl__rosidl_typesupport_introspection_cpp
[0.045s] [ 68%] Built target lsl__rosidl_typesupport_fastrtps_c
[0.045s] [ 68%] Built target lsl__rosidl_typesupport_c
[0.053s] [ 71%] [32mBuilding CXX object CMakeFiles/EEG_Stream_to_ROS.dir/src/EEG_Stream_to_ROS.cpp.o[0m
[0.053s] [ 71%] Built target lsl
[0.060s] [ 74%] Built target lsl__py
[0.067s] [ 80%] Built target lsl__rosidl_generator_py
[0.076s] [ 97%] Built target lsl__rosidl_typesupport_introspection_c__pyext
[0.077s] [ 97%] Built target lsl__rosidl_typesupport_c__pyext
[0.077s] [ 97%] Built target lsl__rosidl_typesupport_fastrtps_c__pyext
[0.172s] running egg_info
[0.172s] writing lsl.egg-info/PKG-INFO
[0.173s] writing dependency_links to lsl.egg-info/dependency_links.txt
[0.173s] writing top-level names to lsl.egg-info/top_level.txt
[0.174s] reading manifest file 'lsl.egg-info/SOURCES.txt'
[0.174s] writing manifest file 'lsl.egg-info/SOURCES.txt'
[0.189s] [ 97%] Built target ament_cmake_python_build_lsl_egg
[1.202s] [01m[K/home/aokilab/lab/lsl_ws/src/lsl/src/EEG_Stream_to_ROS.cpp:[m[K In constructor ‘[01m[KEEGStreamNode::EEGStreamNode()[m[K’:
[1.202s] [01m[K/home/aokilab/lab/lsl_ws/src/lsl/src/EEG_Stream_to_ROS.cpp:23:46:[m[K [01;31m[Kerror: [m[Kcould not convert ‘[01m[Kch[m[K’ from ‘[01m[Klsl::xml_element[m[K’ to ‘[01m[Kbool[m[K’
[1.202s]    23 |     for (auto ch = ch_info.child("channel"); [01;31m[Kch[m[K; ch = ch.next_sibling("channel")) {
[1.202s]       |                                              [01;31m[K^~[m[K
[1.203s]       |                                              [01;31m[K|[m[K
[1.203s]       |                                              [01;31m[Klsl::xml_element[m[K
[1.677s] gmake[2]: *** [CMakeFiles/EEG_Stream_to_ROS.dir/build.make:79: CMakeFiles/EEG_Stream_to_ROS.dir/src/EEG_Stream_to_ROS.cpp.o] エラー 1
[1.677s] gmake[1]: *** [CMakeFiles/Makefile2:764: CMakeFiles/EEG_Stream_to_ROS.dir/all] エラー 2
[1.677s] gmake: *** [Makefile:146: all] エラー 2
[1.682s] Invoked command in '/home/aokilab/lab/lsl_ws/build/lsl' returned '2': CMAKE_PREFIX_PATH=/opt/ros/humble /usr/bin/cmake --build /home/aokilab/lab/lsl_ws/build/lsl -- -j22 -l22
