[0.011s] Invoking command in '/home/aokilab/lab/Biosignal_to_ROS2/lsl_ws/build/lsl': CMAKE_PREFIX_PATH=/opt/ros/humble /usr/bin/cmake --build /home/aokilab/lab/Biosignal_to_ROS2/lsl_ws/build/lsl -- -j22 -l22
[0.024s] [0mCMake Error: The current CMakeCache.txt directory /home/aokilab/lab/Biosignal_to_ROS2/lsl_ws/build/lsl/CMakeCache.txt is different than the directory /home/aokilab/lab/lsl_ws/build/lsl where CMakeCache.txt was created. This may result in binaries being created in the wrong place. If you are not sure, reedit the CMakeCache.txt[0m
[0.060s] [  2%] Built target lsl__cpp
[0.061s] [  2%] Built target ament_cmake_python_symlink_lsl
[0.064s] [ 11%] Built target lsl__rosidl_generator_c
[0.071s] [ 22%] Built target lsl__rosidl_typesupport_introspection_cpp
[0.071s] [ 28%] Built target lsl__rosidl_typesupport_cpp
[0.071s] [ 34%] Built target lsl_node
[0.072s] [ 42%] Built target lsl__rosidl_typesupport_c
[0.072s] [ 51%] Built target lsl__rosidl_typesupport_fastrtps_cpp
[0.073s] [ 60%] Built target lsl__rosidl_typesupport_introspection_c
[0.074s] [ 68%] Built target lsl__rosidl_typesupport_fastrtps_c
[0.081s] [ 68%] Built target lsl
[0.085s] [ 74%] Built target EEG_Stream_to_ROS
[0.089s] [ 77%] Built target lsl__py
[0.100s] [ 82%] Built target lsl__rosidl_generator_py
[0.109s] [ 97%] Built target lsl__rosidl_typesupport_fastrtps_c__pyext
[0.109s] [ 97%] Built target lsl__rosidl_typesupport_c__pyext
[0.110s] [100%] Built target lsl__rosidl_typesupport_introspection_c__pyext
[0.194s] running egg_info
[0.194s] writing lsl.egg-info/PKG-INFO
[0.194s] writing dependency_links to lsl.egg-info/dependency_links.txt
[0.194s] writing top-level names to lsl.egg-info/top_level.txt
[0.196s] reading manifest file 'lsl.egg-info/SOURCES.txt'
[0.196s] writing manifest file 'lsl.egg-info/SOURCES.txt'
[0.212s] [100%] Built target ament_cmake_python_build_lsl_egg
[0.219s] Invoked command in '/home/aokilab/lab/Biosignal_to_ROS2/lsl_ws/build/lsl' returned '0': CMAKE_PREFIX_PATH=/opt/ros/humble /usr/bin/cmake --build /home/aokilab/lab/Biosignal_to_ROS2/lsl_ws/build/lsl -- -j22 -l22
[0.224s] Invoking command in '/home/aokilab/lab/Biosignal_to_ROS2/lsl_ws/build/lsl': CMAKE_PREFIX_PATH=/opt/ros/humble /usr/bin/cmake --install /home/aokilab/lab/Biosignal_to_ROS2/lsl_ws/build/lsl
[0.229s] -- Install configuration: ""
[0.229s] -- Execute custom install script
[0.229s] -- Up-to-date symlink: /home/aokilab/lab/lsl_ws/install/lsl/share/ament_index/resource_index/rosidl_interfaces/lsl
[0.230s] -- Up-to-date symlink: /home/aokilab/lab/lsl_ws/install/lsl/include/lsl/lsl/msg/detail/eeg__functions.h
[0.230s] -- Up-to-date symlink: /home/aokilab/lab/lsl_ws/install/lsl/include/lsl/lsl/msg/detail/eeg__struct.h
[0.230s] -- Up-to-date symlink: /home/aokilab/lab/lsl_ws/install/lsl/include/lsl/lsl/msg/detail/eeg__type_support.h
[0.230s] -- Up-to-date symlink: /home/aokilab/lab/lsl_ws/install/lsl/include/lsl/lsl/msg/eeg.h
[0.230s] -- Up-to-date symlink: /home/aokilab/lab/lsl_ws/install/lsl/include/lsl/lsl/msg/rosidl_generator_c__visibility_control.h
[0.230s] -- Up-to-date symlink: /home/aokilab/lab/lsl_ws/install/lsl/share/lsl/environment/library_path.sh
[0.230s] -- Up-to-date symlink: /home/aokilab/lab/lsl_ws/install/lsl/share/lsl/environment/library_path.dsv
[0.230s] -- Up-to-date symlink: /home/aokilab/lab/lsl_ws/install/lsl/include/lsl/lsl/msg/detail/eeg__rosidl_typesupport_fastrtps_c.h
[0.230s] -- Up-to-date symlink: /home/aokilab/lab/lsl_ws/install/lsl/include/lsl/lsl/msg/rosidl_typesupport_fastrtps_c__visibility_control.h
[0.230s] -- Up-to-date symlink: /home/aokilab/lab/lsl_ws/install/lsl/include/lsl/lsl/msg/detail/eeg__builder.hpp
[0.230s] -- Up-to-date symlink: /home/aokilab/lab/lsl_ws/install/lsl/include/lsl/lsl/msg/detail/eeg__struct.hpp
[0.230s] -- Up-to-date symlink: /home/aokilab/lab/lsl_ws/install/lsl/include/lsl/lsl/msg/detail/eeg__traits.hpp
[0.230s] -- Up-to-date symlink: /home/aokilab/lab/lsl_ws/install/lsl/include/lsl/lsl/msg/detail/eeg__type_support.hpp
[0.230s] -- Up-to-date symlink: /home/aokilab/lab/lsl_ws/install/lsl/include/lsl/lsl/msg/eeg.hpp
[0.230s] -- Up-to-date symlink: /home/aokilab/lab/lsl_ws/install/lsl/include/lsl/lsl/msg/rosidl_generator_cpp__visibility_control.hpp
[0.230s] -- Up-to-date symlink: /home/aokilab/lab/lsl_ws/install/lsl/include/lsl/lsl/msg/detail/eeg__rosidl_typesupport_fastrtps_cpp.hpp
[0.231s] -- Up-to-date symlink: /home/aokilab/lab/lsl_ws/install/lsl/include/lsl/lsl/msg/rosidl_typesupport_fastrtps_cpp__visibility_control.h
[0.231s] -- Up-to-date symlink: /home/aokilab/lab/lsl_ws/install/lsl/include/lsl/lsl/msg/detail/eeg__rosidl_typesupport_introspection_c.h
[0.231s] -- Up-to-date symlink: /home/aokilab/lab/lsl_ws/install/lsl/include/lsl/lsl/msg/rosidl_typesupport_introspection_c__visibility_control.h
[0.231s] -- Up-to-date symlink: /home/aokilab/lab/lsl_ws/install/lsl/include/lsl/lsl/msg/detail/eeg__rosidl_typesupport_introspection_cpp.hpp
[0.231s] -- Up-to-date symlink: /home/aokilab/lab/lsl_ws/install/lsl/share/lsl/environment/pythonpath.sh
[0.231s] -- Up-to-date symlink: /home/aokilab/lab/lsl_ws/install/lsl/share/lsl/environment/pythonpath.dsv
[0.231s] -- Up-to-date symlink: /home/aokilab/lab/lsl_ws/install/lsl/local/lib/python3.10/dist-packages/lsl-0.0.0-py3.10.egg-info/PKG-INFO
[0.231s] -- Up-to-date symlink: /home/aokilab/lab/lsl_ws/install/lsl/local/lib/python3.10/dist-packages/lsl-0.0.0-py3.10.egg-info/SOURCES.txt
[0.231s] -- Up-to-date symlink: /home/aokilab/lab/lsl_ws/install/lsl/local/lib/python3.10/dist-packages/lsl-0.0.0-py3.10.egg-info/dependency_links.txt
[0.231s] -- Up-to-date symlink: /home/aokilab/lab/lsl_ws/install/lsl/local/lib/python3.10/dist-packages/lsl-0.0.0-py3.10.egg-info/top_level.txt
[0.231s] -- Up-to-date symlink: /home/aokilab/lab/lsl_ws/install/lsl/local/lib/python3.10/dist-packages/lsl/__init__.py
[0.231s] -- Up-to-date symlink: /home/aokilab/lab/lsl_ws/install/lsl/local/lib/python3.10/dist-packages/lsl/_lsl_s.ep.rosidl_typesupport_c.c
[0.231s] -- Up-to-date symlink: /home/aokilab/lab/lsl_ws/install/lsl/local/lib/python3.10/dist-packages/lsl/_lsl_s.ep.rosidl_typesupport_fastrtps_c.c
[0.231s] -- Up-to-date symlink: /home/aokilab/lab/lsl_ws/install/lsl/local/lib/python3.10/dist-packages/lsl/_lsl_s.ep.rosidl_typesupport_introspection_c.c
[0.231s] -- Up-to-date symlink: /home/aokilab/lab/lsl_ws/install/lsl/local/lib/python3.10/dist-packages/lsl/liblsl__rosidl_generator_py.so
[0.231s] -- Up-to-date symlink: /home/aokilab/lab/lsl_ws/install/lsl/local/lib/python3.10/dist-packages/lsl/lsl_s__rosidl_typesupport_c.cpython-310-x86_64-linux-gnu.so
[0.231s] -- Up-to-date symlink: /home/aokilab/lab/lsl_ws/install/lsl/local/lib/python3.10/dist-packages/lsl/lsl_s__rosidl_typesupport_fastrtps_c.cpython-310-x86_64-linux-gnu.so
[0.231s] -- Up-to-date symlink: /home/aokilab/lab/lsl_ws/install/lsl/local/lib/python3.10/dist-packages/lsl/lsl_s__rosidl_typesupport_introspection_c.cpython-310-x86_64-linux-gnu.so
[0.232s] -- Up-to-date symlink: /home/aokilab/lab/lsl_ws/install/lsl/local/lib/python3.10/dist-packages/lsl/msg/__init__.py
[0.232s] -- Up-to-date symlink: /home/aokilab/lab/lsl_ws/install/lsl/local/lib/python3.10/dist-packages/lsl/msg/_eeg.py
[0.232s] -- Up-to-date symlink: /home/aokilab/lab/lsl_ws/install/lsl/local/lib/python3.10/dist-packages/lsl/msg/_eeg_s.c
[0.232s] -- Up-to-date symlink: /home/aokilab/lab/lsl_ws/install/lsl/local/lib/python3.10/dist-packages/lsl/lsl_s__rosidl_typesupport_fastrtps_c.cpython-310-x86_64-linux-gnu.so
[0.232s] -- Up-to-date symlink: /home/aokilab/lab/lsl_ws/install/lsl/local/lib/python3.10/dist-packages/lsl/lsl_s__rosidl_typesupport_introspection_c.cpython-310-x86_64-linux-gnu.so
[0.232s] -- Up-to-date symlink: /home/aokilab/lab/lsl_ws/install/lsl/local/lib/python3.10/dist-packages/lsl/lsl_s__rosidl_typesupport_c.cpython-310-x86_64-linux-gnu.so
[0.232s] -- Up-to-date symlink: /home/aokilab/lab/lsl_ws/install/lsl/share/lsl/msg/Eeg.idl
[0.232s] -- Up-to-date symlink: /home/aokilab/lab/lsl_ws/install/lsl/share/lsl/msg/Eeg.msg
[0.232s] -- Up-to-date symlink: /home/aokilab/lab/lsl_ws/install/lsl/lib/lsl/lsl_node
[0.232s] -- Up-to-date symlink: /home/aokilab/lab/lsl_ws/install/lsl/lib/lsl/EEG_Stream_to_ROS
[0.232s] -- Up-to-date symlink: /home/aokilab/lab/lsl_ws/install/lsl/share/ament_index/resource_index/package_run_dependencies/lsl
[0.232s] -- Up-to-date symlink: /home/aokilab/lab/lsl_ws/install/lsl/share/ament_index/resource_index/parent_prefix_path/lsl
[0.232s] -- Up-to-date symlink: /home/aokilab/lab/lsl_ws/install/lsl/share/lsl/environment/ament_prefix_path.sh
[0.232s] -- Up-to-date symlink: /home/aokilab/lab/lsl_ws/install/lsl/share/lsl/environment/ament_prefix_path.dsv
[0.232s] -- Up-to-date symlink: /home/aokilab/lab/lsl_ws/install/lsl/share/lsl/environment/path.sh
[0.232s] -- Up-to-date symlink: /home/aokilab/lab/lsl_ws/install/lsl/share/lsl/environment/path.dsv
[0.232s] -- Up-to-date symlink: /home/aokilab/lab/lsl_ws/install/lsl/share/lsl/local_setup.bash
[0.232s] -- Up-to-date symlink: /home/aokilab/lab/lsl_ws/install/lsl/share/lsl/local_setup.sh
[0.232s] -- Up-to-date symlink: /home/aokilab/lab/lsl_ws/install/lsl/share/lsl/local_setup.zsh
[0.232s] -- Up-to-date symlink: /home/aokilab/lab/lsl_ws/install/lsl/share/lsl/local_setup.dsv
[0.233s] -- Symlinking: /home/aokilab/lab/lsl_ws/install/lsl/share/lsl/package.dsv
[0.236s] -- Up-to-date symlink: /home/aokilab/lab/lsl_ws/install/lsl/share/ament_index/resource_index/packages/lsl
[0.236s] -- Up-to-date symlink: /home/aokilab/lab/lsl_ws/install/lsl/share/lsl/cmake/rosidl_cmake-extras.cmake
[0.236s] -- Up-to-date symlink: /home/aokilab/lab/lsl_ws/install/lsl/share/lsl/cmake/ament_cmake_export_dependencies-extras.cmake
[0.236s] -- Up-to-date symlink: /home/aokilab/lab/lsl_ws/install/lsl/share/lsl/cmake/ament_cmake_export_include_directories-extras.cmake
[0.236s] -- Up-to-date symlink: /home/aokilab/lab/lsl_ws/install/lsl/share/lsl/cmake/ament_cmake_export_libraries-extras.cmake
[0.236s] -- Up-to-date symlink: /home/aokilab/lab/lsl_ws/install/lsl/share/lsl/cmake/ament_cmake_export_targets-extras.cmake
[0.236s] -- Up-to-date symlink: /home/aokilab/lab/lsl_ws/install/lsl/share/lsl/cmake/rosidl_cmake_export_typesupport_targets-extras.cmake
[0.236s] -- Up-to-date symlink: /home/aokilab/lab/lsl_ws/install/lsl/share/lsl/cmake/rosidl_cmake_export_typesupport_libraries-extras.cmake
[0.236s] -- Up-to-date symlink: /home/aokilab/lab/lsl_ws/install/lsl/share/lsl/cmake/lslConfig.cmake
[0.236s] -- Up-to-date symlink: /home/aokilab/lab/lsl_ws/install/lsl/share/lsl/cmake/lslConfig-version.cmake
[0.236s] -- Up-to-date symlink: /home/aokilab/lab/lsl_ws/install/lsl/share/lsl/package.xml
[0.236s] -- Up-to-date: /home/aokilab/lab/lsl_ws/install/lsl/lib/liblsl__rosidl_generator_c.so
[0.236s] -- Up-to-date: /home/aokilab/lab/lsl_ws/install/lsl/lib/liblsl__rosidl_typesupport_fastrtps_c.so
[0.237s] -- Up-to-date: /home/aokilab/lab/lsl_ws/install/lsl/lib/liblsl__rosidl_typesupport_fastrtps_cpp.so
[0.237s] -- Up-to-date: /home/aokilab/lab/lsl_ws/install/lsl/lib/liblsl__rosidl_typesupport_introspection_c.so
[0.237s] -- Up-to-date: /home/aokilab/lab/lsl_ws/install/lsl/lib/liblsl__rosidl_typesupport_c.so
[0.237s] -- Up-to-date: /home/aokilab/lab/lsl_ws/install/lsl/lib/liblsl__rosidl_typesupport_introspection_cpp.so
[0.237s] -- Up-to-date: /home/aokilab/lab/lsl_ws/install/lsl/lib/liblsl__rosidl_typesupport_cpp.so
[0.254s] Listing '/home/aokilab/lab/lsl_ws/install/lsl/local/lib/python3.10/dist-packages/lsl'...
[0.254s] Listing '/home/aokilab/lab/lsl_ws/install/lsl/local/lib/python3.10/dist-packages/lsl/msg'...
[0.257s] -- Up-to-date: /home/aokilab/lab/lsl_ws/install/lsl/lib/liblsl__rosidl_generator_py.so
[0.257s] -- Up-to-date: /home/aokilab/lab/lsl_ws/install/lsl/share/lsl/cmake/export_lsl__rosidl_generator_cExport.cmake
[0.257s] -- Up-to-date: /home/aokilab/lab/lsl_ws/install/lsl/share/lsl/cmake/export_lsl__rosidl_generator_cExport-noconfig.cmake
[0.257s] -- Up-to-date: /home/aokilab/lab/lsl_ws/install/lsl/share/lsl/cmake/export_lsl__rosidl_typesupport_fastrtps_cExport.cmake
[0.257s] -- Up-to-date: /home/aokilab/lab/lsl_ws/install/lsl/share/lsl/cmake/export_lsl__rosidl_typesupport_fastrtps_cExport-noconfig.cmake
[0.257s] -- Up-to-date: /home/aokilab/lab/lsl_ws/install/lsl/share/lsl/cmake/export_lsl__rosidl_generator_cppExport.cmake
[0.257s] -- Up-to-date: /home/aokilab/lab/lsl_ws/install/lsl/share/lsl/cmake/export_lsl__rosidl_typesupport_fastrtps_cppExport.cmake
[0.257s] -- Up-to-date: /home/aokilab/lab/lsl_ws/install/lsl/share/lsl/cmake/export_lsl__rosidl_typesupport_fastrtps_cppExport-noconfig.cmake
[0.257s] -- Up-to-date: /home/aokilab/lab/lsl_ws/install/lsl/share/lsl/cmake/lsl__rosidl_typesupport_introspection_cExport.cmake
[0.257s] -- Up-to-date: /home/aokilab/lab/lsl_ws/install/lsl/share/lsl/cmake/lsl__rosidl_typesupport_introspection_cExport-noconfig.cmake
[0.257s] -- Up-to-date: /home/aokilab/lab/lsl_ws/install/lsl/share/lsl/cmake/lsl__rosidl_typesupport_cExport.cmake
[0.257s] -- Up-to-date: /home/aokilab/lab/lsl_ws/install/lsl/share/lsl/cmake/lsl__rosidl_typesupport_cExport-noconfig.cmake
[0.257s] -- Up-to-date: /home/aokilab/lab/lsl_ws/install/lsl/share/lsl/cmake/lsl__rosidl_typesupport_introspection_cppExport.cmake
[0.257s] -- Up-to-date: /home/aokilab/lab/lsl_ws/install/lsl/share/lsl/cmake/lsl__rosidl_typesupport_introspection_cppExport-noconfig.cmake
[0.257s] -- Up-to-date: /home/aokilab/lab/lsl_ws/install/lsl/share/lsl/cmake/lsl__rosidl_typesupport_cppExport.cmake
[0.257s] -- Up-to-date: /home/aokilab/lab/lsl_ws/install/lsl/share/lsl/cmake/lsl__rosidl_typesupport_cppExport-noconfig.cmake
[0.257s] -- Up-to-date: /home/aokilab/lab/lsl_ws/install/lsl/share/lsl/cmake/export_lsl__rosidl_generator_pyExport.cmake
[0.257s] -- Up-to-date: /home/aokilab/lab/lsl_ws/install/lsl/share/lsl/cmake/export_lsl__rosidl_generator_pyExport-noconfig.cmake
[0.259s] Invoked command in '/home/aokilab/lab/Biosignal_to_ROS2/lsl_ws/build/lsl' returned '0': CMAKE_PREFIX_PATH=/opt/ros/humble /usr/bin/cmake --install /home/aokilab/lab/Biosignal_to_ROS2/lsl_ws/build/lsl
