[0.145s] DEBUG:colcon:Command line arguments: ['/usr/bin/colcon', 'build']
[0.145s] DEBUG:colcon:Parsed command line arguments: Namespace(log_base=None, log_level=None, verb_name='build', build_base='build', install_base='install', merge_install=False, symlink_install=False, test_result_base=None, continue_on_error=False, executor='parallel', parallel_workers=22, event_handlers=None, ignore_user_meta=False, metas=['./colcon.meta'], base_paths=['.'], packages_ignore=None, packages_ignore_regex=None, paths=None, packages_up_to=None, packages_up_to_regex=None, packages_above=None, packages_above_and_dependencies=None, packages_above_depth=None, packages_select_by_dep=None, packages_skip_by_dep=None, packages_skip_up_to=None, packages_select_build_failed=False, packages_skip_build_finished=False, packages_select_test_failures=False, packages_skip_test_passed=False, packages_select=None, packages_skip=None, packages_select_regex=None, packages_skip_regex=None, packages_start=None, packages_end=None, allow_overriding=[], cmake_args=None, cmake_target=None, cmake_target_skip_unavailable=False, cmake_clean_cache=False, cmake_clean_first=False, cmake_force_configure=False, ament_cmake_args=None, catkin_cmake_args=None, catkin_skip_building_tests=False, verb_parser=<colcon_defaults.argument_parser.defaults.DefaultArgumentsDecorator object at 0x76fb34871fc0>, verb_extension=<colcon_core.verb.build.BuildVerb object at 0x76fb3496fa30>, main=<bound method BuildVerb.main of <colcon_core.verb.build.BuildVerb object at 0x76fb3496fa30>>)
[0.286s] Level 1:colcon.colcon_core.package_discovery:discover_packages(colcon_meta) check parameters
[0.286s] Level 1:colcon.colcon_core.package_discovery:discover_packages(recursive) check parameters
[0.286s] Level 1:colcon.colcon_core.package_discovery:discover_packages(ignore) check parameters
[0.286s] Level 1:colcon.colcon_core.package_discovery:discover_packages(path) check parameters
[0.286s] Level 1:colcon.colcon_core.package_discovery:discover_packages(colcon_meta) discover
[0.286s] Level 1:colcon.colcon_core.package_discovery:discover_packages(recursive) discover
[0.286s] INFO:colcon.colcon_core.package_discovery:Crawling recursively for packages in '/home/aokilab/lab/Biosignal_to_ROS2/lsl_ws'
[0.286s] Level 1:colcon.colcon_core.package_identification:_identify(.) by extensions ['ignore', 'ignore_ament_install']
[0.286s] Level 1:colcon.colcon_core.package_identification:_identify(.) by extension 'ignore'
[0.286s] Level 1:colcon.colcon_core.package_identification:_identify(.) by extension 'ignore_ament_install'
[0.286s] Level 1:colcon.colcon_core.package_identification:_identify(.) by extensions ['colcon_pkg']
[0.286s] Level 1:colcon.colcon_core.package_identification:_identify(.) by extension 'colcon_pkg'
[0.286s] Level 1:colcon.colcon_core.package_identification:_identify(.) by extensions ['colcon_meta']
[0.286s] Level 1:colcon.colcon_core.package_identification:_identify(.) by extension 'colcon_meta'
[0.287s] Level 1:colcon.colcon_core.package_identification:_identify(.) by extensions ['ros']
[0.287s] Level 1:colcon.colcon_core.package_identification:_identify(.) by extension 'ros'
[0.292s] Level 1:colcon.colcon_core.package_identification:_identify(.) by extensions ['cmake', 'python']
[0.292s] Level 1:colcon.colcon_core.package_identification:_identify(.) by extension 'cmake'
[0.292s] Level 1:colcon.colcon_core.package_identification:_identify(.) by extension 'python'
[0.292s] Level 1:colcon.colcon_core.package_identification:_identify(.) by extensions ['python_setup_py']
[0.292s] Level 1:colcon.colcon_core.package_identification:_identify(.) by extension 'python_setup_py'
[0.292s] Level 1:colcon.colcon_core.package_identification:_identify(build) by extensions ['ignore', 'ignore_ament_install']
[0.292s] Level 1:colcon.colcon_core.package_identification:_identify(build) by extension 'ignore'
[0.292s] Level 1:colcon.colcon_core.package_identification:_identify(build) ignored
[0.293s] Level 1:colcon.colcon_core.package_identification:_identify(install) by extensions ['ignore', 'ignore_ament_install']
[0.293s] Level 1:colcon.colcon_core.package_identification:_identify(install) by extension 'ignore'
[0.293s] Level 1:colcon.colcon_core.package_identification:_identify(install) ignored
[0.293s] Level 1:colcon.colcon_core.package_identification:_identify(log) by extensions ['ignore', 'ignore_ament_install']
[0.293s] Level 1:colcon.colcon_core.package_identification:_identify(log) by extension 'ignore'
[0.293s] Level 1:colcon.colcon_core.package_identification:_identify(log) ignored
[0.293s] Level 1:colcon.colcon_core.package_identification:_identify(src) by extensions ['ignore', 'ignore_ament_install']
[0.293s] Level 1:colcon.colcon_core.package_identification:_identify(src) by extension 'ignore'
[0.293s] Level 1:colcon.colcon_core.package_identification:_identify(src) by extension 'ignore_ament_install'
[0.293s] Level 1:colcon.colcon_core.package_identification:_identify(src) by extensions ['colcon_pkg']
[0.293s] Level 1:colcon.colcon_core.package_identification:_identify(src) by extension 'colcon_pkg'
[0.293s] Level 1:colcon.colcon_core.package_identification:_identify(src) by extensions ['colcon_meta']
[0.293s] Level 1:colcon.colcon_core.package_identification:_identify(src) by extension 'colcon_meta'
[0.293s] Level 1:colcon.colcon_core.package_identification:_identify(src) by extensions ['ros']
[0.293s] Level 1:colcon.colcon_core.package_identification:_identify(src) by extension 'ros'
[0.293s] Level 1:colcon.colcon_core.package_identification:_identify(src) by extensions ['cmake', 'python']
[0.293s] Level 1:colcon.colcon_core.package_identification:_identify(src) by extension 'cmake'
[0.293s] Level 1:colcon.colcon_core.package_identification:_identify(src) by extension 'python'
[0.293s] Level 1:colcon.colcon_core.package_identification:_identify(src) by extensions ['python_setup_py']
[0.293s] Level 1:colcon.colcon_core.package_identification:_identify(src) by extension 'python_setup_py'
[0.293s] Level 1:colcon.colcon_core.package_identification:_identify(src/lsl) by extensions ['ignore', 'ignore_ament_install']
[0.293s] Level 1:colcon.colcon_core.package_identification:_identify(src/lsl) by extension 'ignore'
[0.293s] Level 1:colcon.colcon_core.package_identification:_identify(src/lsl) by extension 'ignore_ament_install'
[0.293s] Level 1:colcon.colcon_core.package_identification:_identify(src/lsl) by extensions ['colcon_pkg']
[0.293s] Level 1:colcon.colcon_core.package_identification:_identify(src/lsl) by extension 'colcon_pkg'
[0.293s] Level 1:colcon.colcon_core.package_identification:_identify(src/lsl) by extensions ['colcon_meta']
[0.293s] Level 1:colcon.colcon_core.package_identification:_identify(src/lsl) by extension 'colcon_meta'
[0.293s] Level 1:colcon.colcon_core.package_identification:_identify(src/lsl) by extensions ['ros']
[0.293s] Level 1:colcon.colcon_core.package_identification:_identify(src/lsl) by extension 'ros'
[0.295s] DEBUG:colcon.colcon_core.package_identification:Package 'src/lsl' with type 'ros.ament_cmake' and name 'lsl'
[0.295s] Level 1:colcon.colcon_core.package_discovery:discover_packages(recursive) using defaults
[0.295s] Level 1:colcon.colcon_core.package_discovery:discover_packages(ignore) discover
[0.295s] Level 1:colcon.colcon_core.package_discovery:discover_packages(ignore) using defaults
[0.295s] Level 1:colcon.colcon_core.package_discovery:discover_packages(path) discover
[0.295s] Level 1:colcon.colcon_core.package_discovery:discover_packages(path) using defaults
[0.314s] Level 1:colcon.colcon_core.package_discovery:discover_packages(prefix_path) check parameters
[0.314s] Level 1:colcon.colcon_core.package_discovery:discover_packages(prefix_path) discover
[0.316s] DEBUG:colcon.colcon_installed_package_information.package_discovery:Found 293 installed packages in /opt/ros/humble
[0.317s] Level 1:colcon.colcon_core.package_discovery:discover_packages(prefix_path) using defaults
[0.336s] Level 5:colcon.colcon_core.verb:set package 'lsl' build argument 'cmake_args' from command line to 'None'
[0.336s] Level 5:colcon.colcon_core.verb:set package 'lsl' build argument 'cmake_target' from command line to 'None'
[0.336s] Level 5:colcon.colcon_core.verb:set package 'lsl' build argument 'cmake_target_skip_unavailable' from command line to 'False'
[0.336s] Level 5:colcon.colcon_core.verb:set package 'lsl' build argument 'cmake_clean_cache' from command line to 'False'
[0.336s] Level 5:colcon.colcon_core.verb:set package 'lsl' build argument 'cmake_clean_first' from command line to 'False'
[0.336s] Level 5:colcon.colcon_core.verb:set package 'lsl' build argument 'cmake_force_configure' from command line to 'False'
[0.336s] Level 5:colcon.colcon_core.verb:set package 'lsl' build argument 'ament_cmake_args' from command line to 'None'
[0.336s] Level 5:colcon.colcon_core.verb:set package 'lsl' build argument 'catkin_cmake_args' from command line to 'None'
[0.336s] Level 5:colcon.colcon_core.verb:set package 'lsl' build argument 'catkin_skip_building_tests' from command line to 'False'
[0.336s] DEBUG:colcon.colcon_core.verb:Building package 'lsl' with the following arguments: {'ament_cmake_args': None, 'build_base': '/home/aokilab/lab/Biosignal_to_ROS2/lsl_ws/build/lsl', 'catkin_cmake_args': None, 'catkin_skip_building_tests': False, 'cmake_args': None, 'cmake_clean_cache': False, 'cmake_clean_first': False, 'cmake_force_configure': False, 'cmake_target': None, 'cmake_target_skip_unavailable': False, 'install_base': '/home/aokilab/lab/Biosignal_to_ROS2/lsl_ws/install/lsl', 'merge_install': False, 'path': '/home/aokilab/lab/Biosignal_to_ROS2/lsl_ws/src/lsl', 'symlink_install': False, 'test_result_base': None}
[0.336s] INFO:colcon.colcon_core.executor:Executing jobs using 'parallel' executor
[0.337s] DEBUG:colcon.colcon_parallel_executor.executor.parallel:run_until_complete
[0.337s] INFO:colcon.colcon_ros.task.ament_cmake.build:Building ROS package in '/home/aokilab/lab/Biosignal_to_ROS2/lsl_ws/src/lsl' with build type 'ament_cmake'
[0.337s] INFO:colcon.colcon_cmake.task.cmake.build:Building CMake package in '/home/aokilab/lab/Biosignal_to_ROS2/lsl_ws/src/lsl'
[0.340s] INFO:colcon.colcon_core.plugin_system:Skipping extension 'colcon_core.shell.bat': Not used on non-Windows systems
[0.340s] INFO:colcon.colcon_core.shell:Skip shell extension 'powershell' for command environment: Not usable outside of PowerShell
[0.340s] DEBUG:colcon.colcon_core.shell:Skip shell extension 'dsv' for command environment
[0.349s] DEBUG:colcon.colcon_core.event_handler.log_command:Invoking command in '/home/aokilab/lab/Biosignal_to_ROS2/lsl_ws/build/lsl': CMAKE_PREFIX_PATH=/opt/ros/humble /usr/bin/cmake --build /home/aokilab/lab/Biosignal_to_ROS2/lsl_ws/build/lsl -- -j22 -l22
[0.557s] DEBUG:colcon.colcon_core.event_handler.log_command:Invoked command in '/home/aokilab/lab/Biosignal_to_ROS2/lsl_ws/build/lsl' returned '0': CMAKE_PREFIX_PATH=/opt/ros/humble /usr/bin/cmake --build /home/aokilab/lab/Biosignal_to_ROS2/lsl_ws/build/lsl -- -j22 -l22
[0.562s] DEBUG:colcon.colcon_core.event_handler.log_command:Invoking command in '/home/aokilab/lab/Biosignal_to_ROS2/lsl_ws/build/lsl': CMAKE_PREFIX_PATH=/opt/ros/humble /usr/bin/cmake --install /home/aokilab/lab/Biosignal_to_ROS2/lsl_ws/build/lsl
[0.596s] Level 1:colcon.colcon_core.environment:create_environment_scripts_only(lsl)
[0.596s] DEBUG:colcon.colcon_core.event_handler.log_command:Invoked command in '/home/aokilab/lab/Biosignal_to_ROS2/lsl_ws/build/lsl' returned '0': CMAKE_PREFIX_PATH=/opt/ros/humble /usr/bin/cmake --install /home/aokilab/lab/Biosignal_to_ROS2/lsl_ws/build/lsl
[0.600s] Level 1:colcon.colcon_core.environment:checking '/home/aokilab/lab/Biosignal_to_ROS2/lsl_ws/install/lsl' for CMake module files
[0.601s] Level 1:colcon.colcon_core.environment:checking '/home/aokilab/lab/Biosignal_to_ROS2/lsl_ws/install/lsl' for CMake config files
[0.601s] Level 1:colcon.colcon_core.shell:create_environment_hook('lsl', 'cmake_prefix_path')
[0.601s] INFO:colcon.colcon_core.shell:Creating environment hook '/home/aokilab/lab/Biosignal_to_ROS2/lsl_ws/install/lsl/share/lsl/hook/cmake_prefix_path.ps1'
[0.602s] INFO:colcon.colcon_core.shell:Creating environment descriptor '/home/aokilab/lab/Biosignal_to_ROS2/lsl_ws/install/lsl/share/lsl/hook/cmake_prefix_path.dsv'
[0.602s] INFO:colcon.colcon_core.shell:Creating environment hook '/home/aokilab/lab/Biosignal_to_ROS2/lsl_ws/install/lsl/share/lsl/hook/cmake_prefix_path.sh'
[0.603s] Level 1:colcon.colcon_core.environment:checking '/home/aokilab/lab/Biosignal_to_ROS2/lsl_ws/install/lsl/lib'
[0.603s] Level 1:colcon.colcon_core.shell:create_environment_hook('lsl', 'ld_library_path_lib')
[0.603s] INFO:colcon.colcon_core.shell:Creating environment hook '/home/aokilab/lab/Biosignal_to_ROS2/lsl_ws/install/lsl/share/lsl/hook/ld_library_path_lib.ps1'
[0.603s] INFO:colcon.colcon_core.shell:Creating environment descriptor '/home/aokilab/lab/Biosignal_to_ROS2/lsl_ws/install/lsl/share/lsl/hook/ld_library_path_lib.dsv'
[0.603s] INFO:colcon.colcon_core.shell:Creating environment hook '/home/aokilab/lab/Biosignal_to_ROS2/lsl_ws/install/lsl/share/lsl/hook/ld_library_path_lib.sh'
[0.603s] Level 1:colcon.colcon_core.environment:checking '/home/aokilab/lab/Biosignal_to_ROS2/lsl_ws/install/lsl/bin'
[0.603s] Level 1:colcon.colcon_core.environment:checking '/home/aokilab/lab/Biosignal_to_ROS2/lsl_ws/install/lsl/lib/pkgconfig/lsl.pc'
[0.604s] Level 1:colcon.colcon_core.environment:checking '/home/aokilab/lab/Biosignal_to_ROS2/lsl_ws/install/lsl/lib/python3.10/site-packages'
[0.604s] Level 1:colcon.colcon_core.environment:checking '/home/aokilab/lab/Biosignal_to_ROS2/lsl_ws/install/lsl/bin'
[0.604s] INFO:colcon.colcon_core.shell:Creating package script '/home/aokilab/lab/Biosignal_to_ROS2/lsl_ws/install/lsl/share/lsl/package.ps1'
[0.604s] INFO:colcon.colcon_core.shell:Creating package descriptor '/home/aokilab/lab/Biosignal_to_ROS2/lsl_ws/install/lsl/share/lsl/package.dsv'
[0.605s] INFO:colcon.colcon_core.shell:Creating package script '/home/aokilab/lab/Biosignal_to_ROS2/lsl_ws/install/lsl/share/lsl/package.sh'
[0.605s] INFO:colcon.colcon_core.shell:Creating package script '/home/aokilab/lab/Biosignal_to_ROS2/lsl_ws/install/lsl/share/lsl/package.bash'
[0.606s] INFO:colcon.colcon_core.shell:Creating package script '/home/aokilab/lab/Biosignal_to_ROS2/lsl_ws/install/lsl/share/lsl/package.zsh'
[0.606s] Level 1:colcon.colcon_core.environment:create_file_with_runtime_dependencies(/home/aokilab/lab/Biosignal_to_ROS2/lsl_ws/install/lsl/share/colcon-core/packages/lsl)
[0.606s] Level 1:colcon.colcon_core.environment:create_environment_scripts_only(lsl)
[0.607s] Level 1:colcon.colcon_core.environment:checking '/home/aokilab/lab/Biosignal_to_ROS2/lsl_ws/install/lsl' for CMake module files
[0.607s] Level 1:colcon.colcon_core.environment:checking '/home/aokilab/lab/Biosignal_to_ROS2/lsl_ws/install/lsl' for CMake config files
[0.607s] Level 1:colcon.colcon_core.shell:create_environment_hook('lsl', 'cmake_prefix_path')
[0.607s] INFO:colcon.colcon_core.shell:Creating environment hook '/home/aokilab/lab/Biosignal_to_ROS2/lsl_ws/install/lsl/share/lsl/hook/cmake_prefix_path.ps1'
[0.607s] INFO:colcon.colcon_core.shell:Creating environment descriptor '/home/aokilab/lab/Biosignal_to_ROS2/lsl_ws/install/lsl/share/lsl/hook/cmake_prefix_path.dsv'
[0.607s] INFO:colcon.colcon_core.shell:Creating environment hook '/home/aokilab/lab/Biosignal_to_ROS2/lsl_ws/install/lsl/share/lsl/hook/cmake_prefix_path.sh'
[0.608s] Level 1:colcon.colcon_core.environment:checking '/home/aokilab/lab/Biosignal_to_ROS2/lsl_ws/install/lsl/lib'
[0.608s] Level 1:colcon.colcon_core.shell:create_environment_hook('lsl', 'ld_library_path_lib')
[0.608s] INFO:colcon.colcon_core.shell:Creating environment hook '/home/aokilab/lab/Biosignal_to_ROS2/lsl_ws/install/lsl/share/lsl/hook/ld_library_path_lib.ps1'
[0.608s] INFO:colcon.colcon_core.shell:Creating environment descriptor '/home/aokilab/lab/Biosignal_to_ROS2/lsl_ws/install/lsl/share/lsl/hook/ld_library_path_lib.dsv'
[0.608s] INFO:colcon.colcon_core.shell:Creating environment hook '/home/aokilab/lab/Biosignal_to_ROS2/lsl_ws/install/lsl/share/lsl/hook/ld_library_path_lib.sh'
[0.608s] Level 1:colcon.colcon_core.environment:checking '/home/aokilab/lab/Biosignal_to_ROS2/lsl_ws/install/lsl/bin'
[0.608s] Level 1:colcon.colcon_core.environment:checking '/home/aokilab/lab/Biosignal_to_ROS2/lsl_ws/install/lsl/lib/pkgconfig/lsl.pc'
[0.609s] Level 1:colcon.colcon_core.environment:checking '/home/aokilab/lab/Biosignal_to_ROS2/lsl_ws/install/lsl/lib/python3.10/site-packages'
[0.609s] Level 1:colcon.colcon_core.environment:checking '/home/aokilab/lab/Biosignal_to_ROS2/lsl_ws/install/lsl/bin'
[0.609s] INFO:colcon.colcon_core.shell:Creating package script '/home/aokilab/lab/Biosignal_to_ROS2/lsl_ws/install/lsl/share/lsl/package.ps1'
[0.609s] INFO:colcon.colcon_core.shell:Creating package descriptor '/home/aokilab/lab/Biosignal_to_ROS2/lsl_ws/install/lsl/share/lsl/package.dsv'
[0.609s] INFO:colcon.colcon_core.shell:Creating package script '/home/aokilab/lab/Biosignal_to_ROS2/lsl_ws/install/lsl/share/lsl/package.sh'
[0.610s] INFO:colcon.colcon_core.shell:Creating package script '/home/aokilab/lab/Biosignal_to_ROS2/lsl_ws/install/lsl/share/lsl/package.bash'
[0.610s] INFO:colcon.colcon_core.shell:Creating package script '/home/aokilab/lab/Biosignal_to_ROS2/lsl_ws/install/lsl/share/lsl/package.zsh'
[0.610s] Level 1:colcon.colcon_core.environment:create_file_with_runtime_dependencies(/home/aokilab/lab/Biosignal_to_ROS2/lsl_ws/install/lsl/share/colcon-core/packages/lsl)
[0.610s] DEBUG:colcon.colcon_parallel_executor.executor.parallel:closing loop
[0.610s] DEBUG:colcon.colcon_parallel_executor.executor.parallel:loop closed
[0.610s] DEBUG:colcon.colcon_parallel_executor.executor.parallel:run_until_complete finished with '0'
[0.610s] DEBUG:colcon.colcon_core.event_reactor:joining thread
[0.613s] INFO:colcon.colcon_core.plugin_system:Skipping extension 'colcon_notification.desktop_notification.terminal_notifier': Not used on non-Darwin systems
[0.613s] INFO:colcon.colcon_core.plugin_system:Skipping extension 'colcon_notification.desktop_notification.win32': Not used on non-Windows systems
[0.613s] INFO:colcon.colcon_notification.desktop_notification:Sending desktop notification using 'notify2'
[0.624s] DEBUG:colcon.colcon_core.event_reactor:joined thread
[0.625s] INFO:colcon.colcon_core.shell:Creating prefix script '/home/aokilab/lab/Biosignal_to_ROS2/lsl_ws/install/local_setup.ps1'
[0.625s] INFO:colcon.colcon_core.shell:Creating prefix util module '/home/aokilab/lab/Biosignal_to_ROS2/lsl_ws/install/_local_setup_util_ps1.py'
[0.626s] INFO:colcon.colcon_core.shell:Creating prefix chain script '/home/aokilab/lab/Biosignal_to_ROS2/lsl_ws/install/setup.ps1'
[0.627s] INFO:colcon.colcon_core.shell:Creating prefix script '/home/aokilab/lab/Biosignal_to_ROS2/lsl_ws/install/local_setup.sh'
[0.627s] INFO:colcon.colcon_core.shell:Creating prefix util module '/home/aokilab/lab/Biosignal_to_ROS2/lsl_ws/install/_local_setup_util_sh.py'
[0.627s] INFO:colcon.colcon_core.shell:Creating prefix chain script '/home/aokilab/lab/Biosignal_to_ROS2/lsl_ws/install/setup.sh'
[0.628s] INFO:colcon.colcon_core.shell:Creating prefix script '/home/aokilab/lab/Biosignal_to_ROS2/lsl_ws/install/local_setup.bash'
[0.628s] INFO:colcon.colcon_core.shell:Creating prefix chain script '/home/aokilab/lab/Biosignal_to_ROS2/lsl_ws/install/setup.bash'
[0.629s] INFO:colcon.colcon_core.shell:Creating prefix script '/home/aokilab/lab/Biosignal_to_ROS2/lsl_ws/install/local_setup.zsh'
[0.629s] INFO:colcon.colcon_core.shell:Creating prefix chain script '/home/aokilab/lab/Biosignal_to_ROS2/lsl_ws/install/setup.zsh'
