[0.007s] Invoking command in '/home/aokilab/lab/lsl_ws/build/lsl': CMAKE_PREFIX_PATH=/opt/ros/humble /usr/bin/cmake --build /home/aokilab/lab/lsl_ws/build/lsl -- -j22 -l22
[0.023s] [0mCMake Deprecation Warning at CMakeLists.txt:1 (cmake_minimum_required):
[0.023s]   Compatibility with CMake < 3.10 will be removed from a future version of
[0.024s]   CMake.
[0.024s] 
[0.024s]   Update the VERSION argument <min> value.  Or, use the <min>...<max> syntax
[0.024s]   to tell CMake that the project requires at least <min> but has been updated
[0.024s]   to work with policies introduced by <max> or earlier.
[0.024s] 
[0.024s] [0m
[0.026s] -- Found ament_cmake: 1.3.12 (/opt/ros/humble/share/ament_cmake/cmake)
[0.152s] -- Override CMake install command with custom implementation using symlinks instead of copying resources
[0.157s] -- Found rclcpp: 16.0.15 (/opt/ros/humble/share/rclcpp/cmake)
[0.173s] -- Found rosidl_generator_c: 3.1.7 (/opt/ros/humble/share/rosidl_generator_c/cmake)
[0.175s] -- Found rosidl_adapter: 3.1.7 (/opt/ros/humble/share/rosidl_adapter/cmake)
[0.178s] -- Found rosidl_generator_cpp: 3.1.7 (/opt/ros/humble/share/rosidl_generator_cpp/cmake)
[0.185s] -- Using all available rosidl_typesupport_c: rosidl_typesupport_fastrtps_c;rosidl_typesupport_introspection_c
[0.191s] -- Using all available rosidl_typesupport_cpp: rosidl_typesupport_fastrtps_cpp;rosidl_typesupport_introspection_cpp
[0.210s] -- Found rmw_implementation_cmake: 6.1.2 (/opt/ros/humble/share/rmw_implementation_cmake/cmake)
[0.211s] -- Found rmw_fastrtps_cpp: 6.2.8 (/opt/ros/humble/share/rmw_fastrtps_cpp/cmake)
[0.271s] -- Using RMW implementation 'rmw_fastrtps_cpp' as default
[0.303s] -- Found rosidl_default_generators: 1.2.0 (/opt/ros/humble/share/rosidl_default_generators/cmake)
[0.570s] -- Found ament_cmake_ros: 0.10.0 (/opt/ros/humble/share/ament_cmake_ros/cmake)
[1.023s] -- Using all available rosidl_typesupport_c: rosidl_typesupport_fastrtps_c;rosidl_typesupport_introspection_c
[1.209s] -- Using all available rosidl_typesupport_cpp: rosidl_typesupport_fastrtps_cpp;rosidl_typesupport_introspection_cpp
[1.210s] [33mCMake Warning (dev) at /opt/ros/humble/share/rosidl_generator_py/cmake/rosidl_generator_py_generate_interfaces.cmake:20 (find_package):
[1.210s]   Policy CMP0148 is not set: The FindPythonInterp and FindPythonLibs modules
[1.210s]   are removed.  Run "cmake --help-policy CMP0148" for policy details.  Use
[1.210s]   the cmake_policy command to set the policy and suppress this warning.
[1.210s] 
[1.210s] Call Stack (most recent call first):
[1.210s]   /opt/ros/humble/share/ament_cmake_core/cmake/core/ament_execute_extensions.cmake:48 (include)
[1.210s]   /opt/ros/humble/share/rosidl_cmake/cmake/rosidl_generate_interfaces.cmake:286 (ament_execute_extensions)
[1.210s]   CMakeLists.txt:16 (rosidl_generate_interfaces)
[1.210s] This warning is for project developers.  Use -Wno-dev to suppress it.
[1.210s] [0m
[1.220s] -- Found python_cmake_module: 0.10.0 (/opt/ros/humble/share/python_cmake_module/cmake)
[1.220s] [33mCMake Warning (dev) at /opt/ros/humble/share/python_cmake_module/cmake/Modules/FindPythonExtra.cmake:52 (find_package):
[1.220s]   Policy CMP0148 is not set: The FindPythonInterp and FindPythonLibs modules
[1.221s]   are removed.  Run "cmake --help-policy CMP0148" for policy details.  Use
[1.221s]   the cmake_policy command to set the policy and suppress this warning.
[1.221s] 
[1.221s] Call Stack (most recent call first):
[1.221s]   /opt/ros/humble/share/rosidl_generator_py/cmake/rosidl_generator_py_generate_interfaces.cmake:23 (find_package)
[1.221s]   /opt/ros/humble/share/ament_cmake_core/cmake/core/ament_execute_extensions.cmake:48 (include)
[1.221s]   /opt/ros/humble/share/rosidl_cmake/cmake/rosidl_generate_interfaces.cmake:286 (ament_execute_extensions)
[1.221s]   CMakeLists.txt:16 (rosidl_generate_interfaces)
[1.221s] This warning is for project developers.  Use -Wno-dev to suppress it.
[1.221s] [0m
[1.236s] [33mCMake Warning (dev) at /opt/ros/humble/share/python_cmake_module/cmake/Modules/FindPythonExtra.cmake:140 (find_package):
[1.236s]   Policy CMP0148 is not set: The FindPythonInterp and FindPythonLibs modules
[1.236s]   are removed.  Run "cmake --help-policy CMP0148" for policy details.  Use
[1.236s]   the cmake_policy command to set the policy and suppress this warning.
[1.236s] 
[1.236s] Call Stack (most recent call first):
[1.236s]   /opt/ros/humble/share/rosidl_generator_py/cmake/rosidl_generator_py_generate_interfaces.cmake:23 (find_package)
[1.236s]   /opt/ros/humble/share/ament_cmake_core/cmake/core/ament_execute_extensions.cmake:48 (include)
[1.236s]   /opt/ros/humble/share/rosidl_cmake/cmake/rosidl_generate_interfaces.cmake:286 (ament_execute_extensions)
[1.236s]   CMakeLists.txt:16 (rosidl_generate_interfaces)
[1.236s] This warning is for project developers.  Use -Wno-dev to suppress it.
[1.236s] [0m
[1.237s] -- Using PYTHON_EXECUTABLE: /usr/bin/python3
[1.237s] -- Using PYTHON_INCLUDE_DIRS: /usr/include/python3.10
[1.237s] -- Using PYTHON_LIBRARIES: /usr/lib/x86_64-linux-gnu/libpython3.10.so
[1.254s] -- Configuring done (1.2s)
[1.276s] -- Generating done (0.0s)
[1.282s] -- Build files have been written to: /home/aokilab/lab/lsl_ws/build/lsl
[1.301s] [  2%] Built target lsl__cpp
[1.302s] [ 11%] Built target lsl__rosidl_generator_c
[1.304s] [ 11%] Built target ament_cmake_python_symlink_lsl
[1.310s] [ 20%] Built target lsl__rosidl_typesupport_cpp
[1.311s] [ 28%] Built target lsl__rosidl_typesupport_fastrtps_cpp
[1.311s] [ 37%] Built target lsl__rosidl_typesupport_introspection_cpp
[1.312s] [ 45%] Built target lsl__rosidl_typesupport_fastrtps_c
[1.312s] [ 54%] Built target lsl__rosidl_typesupport_c
[1.312s] [ 62%] Built target lsl__rosidl_typesupport_introspection_c
[1.318s] [ 65%] [32mBuilding CXX object CMakeFiles/EEG_Stream_to_ROS.dir/src/EEG_Stream_to_ROS.cpp.o[0m
[1.319s] [ 65%] Built target lsl
[1.322s] [ 71%] Built target lsl_node
[1.326s] [ 74%] Built target lsl__py
[1.334s] [ 77%] [32mBuilding C object CMakeFiles/lsl__rosidl_generator_py.dir/rosidl_generator_py/lsl/msg/_eeg_s.c.o[0m
[1.399s] [ 80%] [1m[32mLinking C shared library rosidl_generator_py/lsl/liblsl__rosidl_generator_py.so[0m
[1.413s] [01m[K/home/aokilab/lab/lsl_ws/src/lsl/src/EEG_Stream_to_ROS.cpp:3:10:[m[K [01;31m[Kfatal error: [m[Klsl/msg/eeg.hpp: そのようなファイルやディレクトリはありません
[1.413s]     3 | #include [01;31m[K"lsl/msg/eeg.hpp"[m[K  // 生成されるメッセージ
[1.413s]       |          [01;31m[K^~~~~~~~~~~~~~~~~[m[K
[1.413s] compilation terminated.
[1.416s] gmake[2]: *** [CMakeFiles/EEG_Stream_to_ROS.dir/build.make:79: CMakeFiles/EEG_Stream_to_ROS.dir/src/EEG_Stream_to_ROS.cpp.o] エラー 1
[1.416s] gmake[1]: *** [CMakeFiles/Makefile2:763: CMakeFiles/EEG_Stream_to_ROS.dir/all] エラー 2
[1.416s] gmake[1]: *** 未完了のジョブを待っています....
[1.420s] [ 80%] Built target lsl__rosidl_generator_py
[1.441s] running egg_info
[1.441s] writing lsl.egg-info/PKG-INFO
[1.441s] writing dependency_links to lsl.egg-info/dependency_links.txt
[1.441s] writing top-level names to lsl.egg-info/top_level.txt
[1.443s] reading manifest file 'lsl.egg-info/SOURCES.txt'
[1.443s] writing manifest file 'lsl.egg-info/SOURCES.txt'
[1.457s] [ 80%] Built target ament_cmake_python_build_lsl_egg
[1.458s] gmake: *** [Makefile:146: all] エラー 2
[1.460s] Invoked command in '/home/aokilab/lab/lsl_ws/build/lsl' returned '2': CMAKE_PREFIX_PATH=/opt/ros/humble /usr/bin/cmake --build /home/aokilab/lab/lsl_ws/build/lsl -- -j22 -l22
