[0.055s] DEBUG:colcon:Command line arguments: ['/usr/bin/colcon', 'build']
[0.055s] DEBUG:colcon:Parsed command line arguments: Namespace(log_base=None, log_level=None, verb_name='build', build_base='build', install_base='install', merge_install=False, symlink_install=False, test_result_base=None, continue_on_error=False, executor='parallel', parallel_workers=22, event_handlers=None, ignore_user_meta=False, metas=['./colcon.meta'], base_paths=['.'], packages_ignore=None, packages_ignore_regex=None, paths=None, packages_up_to=None, packages_up_to_regex=None, packages_above=None, packages_above_and_dependencies=None, packages_above_depth=None, packages_select_by_dep=None, packages_skip_by_dep=None, packages_skip_up_to=None, packages_select_build_failed=False, packages_skip_build_finished=False, packages_select_test_failures=False, packages_skip_test_passed=False, packages_select=None, packages_skip=None, packages_select_regex=None, packages_skip_regex=None, packages_start=None, packages_end=None, allow_overriding=[], cmake_args=None, cmake_target=None, cmake_target_skip_unavailable=False, cmake_clean_cache=False, cmake_clean_first=False, cmake_force_configure=False, ament_cmake_args=None, catkin_cmake_args=None, catkin_skip_building_tests=False, verb_parser=<colcon_defaults.argument_parser.defaults.DefaultArgumentsDecorator object at 0x726daf465fc0>, verb_extension=<colcon_core.verb.build.BuildVerb object at 0x726daf563a30>, main=<bound method BuildVerb.main of <colcon_core.verb.build.BuildVerb object at 0x726daf563a30>>)
[0.145s] Level 1:colcon.colcon_core.package_discovery:discover_packages(colcon_meta) check parameters
[0.145s] Level 1:colcon.colcon_core.package_discovery:discover_packages(recursive) check parameters
[0.145s] Level 1:colcon.colcon_core.package_discovery:discover_packages(ignore) check parameters
[0.145s] Level 1:colcon.colcon_core.package_discovery:discover_packages(path) check parameters
[0.145s] Level 1:colcon.colcon_core.package_discovery:discover_packages(colcon_meta) discover
[0.145s] Level 1:colcon.colcon_core.package_discovery:discover_packages(recursive) discover
[0.145s] INFO:colcon.colcon_core.package_discovery:Crawling recursively for packages in '/home/aokilab/lab/lsl_ws'
[0.145s] Level 1:colcon.colcon_core.package_identification:_identify(.) by extensions ['ignore', 'ignore_ament_install']
[0.145s] Level 1:colcon.colcon_core.package_identification:_identify(.) by extension 'ignore'
[0.145s] Level 1:colcon.colcon_core.package_identification:_identify(.) by extension 'ignore_ament_install'
[0.145s] Level 1:colcon.colcon_core.package_identification:_identify(.) by extensions ['colcon_pkg']
[0.145s] Level 1:colcon.colcon_core.package_identification:_identify(.) by extension 'colcon_pkg'
[0.145s] Level 1:colcon.colcon_core.package_identification:_identify(.) by extensions ['colcon_meta']
[0.145s] Level 1:colcon.colcon_core.package_identification:_identify(.) by extension 'colcon_meta'
[0.145s] Level 1:colcon.colcon_core.package_identification:_identify(.) by extensions ['ros']
[0.145s] Level 1:colcon.colcon_core.package_identification:_identify(.) by extension 'ros'
[0.151s] Level 1:colcon.colcon_core.package_identification:_identify(.) by extensions ['cmake', 'python']
[0.151s] Level 1:colcon.colcon_core.package_identification:_identify(.) by extension 'cmake'
[0.151s] Level 1:colcon.colcon_core.package_identification:_identify(.) by extension 'python'
[0.151s] Level 1:colcon.colcon_core.package_identification:_identify(.) by extensions ['python_setup_py']
[0.151s] Level 1:colcon.colcon_core.package_identification:_identify(.) by extension 'python_setup_py'
[0.151s] Level 1:colcon.colcon_core.package_identification:_identify(build) by extensions ['ignore', 'ignore_ament_install']
[0.151s] Level 1:colcon.colcon_core.package_identification:_identify(build) by extension 'ignore'
[0.151s] Level 1:colcon.colcon_core.package_identification:_identify(build) ignored
[0.151s] Level 1:colcon.colcon_core.package_identification:_identify(install) by extensions ['ignore', 'ignore_ament_install']
[0.151s] Level 1:colcon.colcon_core.package_identification:_identify(install) by extension 'ignore'
[0.151s] Level 1:colcon.colcon_core.package_identification:_identify(install) ignored
[0.151s] Level 1:colcon.colcon_core.package_identification:_identify(log) by extensions ['ignore', 'ignore_ament_install']
[0.151s] Level 1:colcon.colcon_core.package_identification:_identify(log) by extension 'ignore'
[0.151s] Level 1:colcon.colcon_core.package_identification:_identify(log) ignored
[0.152s] Level 1:colcon.colcon_core.package_identification:_identify(src) by extensions ['ignore', 'ignore_ament_install']
[0.152s] Level 1:colcon.colcon_core.package_identification:_identify(src) by extension 'ignore'
[0.152s] Level 1:colcon.colcon_core.package_identification:_identify(src) by extension 'ignore_ament_install'
[0.152s] Level 1:colcon.colcon_core.package_identification:_identify(src) by extensions ['colcon_pkg']
[0.152s] Level 1:colcon.colcon_core.package_identification:_identify(src) by extension 'colcon_pkg'
[0.152s] Level 1:colcon.colcon_core.package_identification:_identify(src) by extensions ['colcon_meta']
[0.152s] Level 1:colcon.colcon_core.package_identification:_identify(src) by extension 'colcon_meta'
[0.152s] Level 1:colcon.colcon_core.package_identification:_identify(src) by extensions ['ros']
[0.152s] Level 1:colcon.colcon_core.package_identification:_identify(src) by extension 'ros'
[0.152s] Level 1:colcon.colcon_core.package_identification:_identify(src) by extensions ['cmake', 'python']
[0.152s] Level 1:colcon.colcon_core.package_identification:_identify(src) by extension 'cmake'
[0.152s] Level 1:colcon.colcon_core.package_identification:_identify(src) by extension 'python'
[0.152s] Level 1:colcon.colcon_core.package_identification:_identify(src) by extensions ['python_setup_py']
[0.152s] Level 1:colcon.colcon_core.package_identification:_identify(src) by extension 'python_setup_py'
[0.152s] Level 1:colcon.colcon_core.package_identification:_identify(src/lsl) by extensions ['ignore', 'ignore_ament_install']
[0.152s] Level 1:colcon.colcon_core.package_identification:_identify(src/lsl) by extension 'ignore'
[0.152s] Level 1:colcon.colcon_core.package_identification:_identify(src/lsl) by extension 'ignore_ament_install'
[0.152s] Level 1:colcon.colcon_core.package_identification:_identify(src/lsl) by extensions ['colcon_pkg']
[0.152s] Level 1:colcon.colcon_core.package_identification:_identify(src/lsl) by extension 'colcon_pkg'
[0.152s] Level 1:colcon.colcon_core.package_identification:_identify(src/lsl) by extensions ['colcon_meta']
[0.152s] Level 1:colcon.colcon_core.package_identification:_identify(src/lsl) by extension 'colcon_meta'
[0.152s] Level 1:colcon.colcon_core.package_identification:_identify(src/lsl) by extensions ['ros']
[0.152s] Level 1:colcon.colcon_core.package_identification:_identify(src/lsl) by extension 'ros'
[0.153s] DEBUG:colcon.colcon_core.package_identification:Package 'src/lsl' with type 'ros.ament_cmake' and name 'lsl'
[0.153s] Level 1:colcon.colcon_core.package_discovery:discover_packages(recursive) using defaults
[0.153s] Level 1:colcon.colcon_core.package_discovery:discover_packages(ignore) discover
[0.153s] Level 1:colcon.colcon_core.package_discovery:discover_packages(ignore) using defaults
[0.153s] Level 1:colcon.colcon_core.package_discovery:discover_packages(path) discover
[0.153s] Level 1:colcon.colcon_core.package_discovery:discover_packages(path) using defaults
[0.168s] Level 1:colcon.colcon_core.package_discovery:discover_packages(prefix_path) check parameters
[0.168s] Level 1:colcon.colcon_core.package_discovery:discover_packages(prefix_path) discover
[0.169s] DEBUG:colcon.colcon_installed_package_information.package_discovery:Found 293 installed packages in /opt/ros/humble
[0.170s] Level 1:colcon.colcon_core.package_discovery:discover_packages(prefix_path) using defaults
[0.190s] Level 5:colcon.colcon_core.verb:set package 'lsl' build argument 'cmake_args' from command line to 'None'
[0.190s] Level 5:colcon.colcon_core.verb:set package 'lsl' build argument 'cmake_target' from command line to 'None'
[0.190s] Level 5:colcon.colcon_core.verb:set package 'lsl' build argument 'cmake_target_skip_unavailable' from command line to 'False'
[0.190s] Level 5:colcon.colcon_core.verb:set package 'lsl' build argument 'cmake_clean_cache' from command line to 'False'
[0.190s] Level 5:colcon.colcon_core.verb:set package 'lsl' build argument 'cmake_clean_first' from command line to 'False'
[0.190s] Level 5:colcon.colcon_core.verb:set package 'lsl' build argument 'cmake_force_configure' from command line to 'False'
[0.190s] Level 5:colcon.colcon_core.verb:set package 'lsl' build argument 'ament_cmake_args' from command line to 'None'
[0.190s] Level 5:colcon.colcon_core.verb:set package 'lsl' build argument 'catkin_cmake_args' from command line to 'None'
[0.190s] Level 5:colcon.colcon_core.verb:set package 'lsl' build argument 'catkin_skip_building_tests' from command line to 'False'
[0.190s] DEBUG:colcon.colcon_core.verb:Building package 'lsl' with the following arguments: {'ament_cmake_args': None, 'build_base': '/home/aokilab/lab/lsl_ws/build/lsl', 'catkin_cmake_args': None, 'catkin_skip_building_tests': False, 'cmake_args': None, 'cmake_clean_cache': False, 'cmake_clean_first': False, 'cmake_force_configure': False, 'cmake_target': None, 'cmake_target_skip_unavailable': False, 'install_base': '/home/aokilab/lab/lsl_ws/install/lsl', 'merge_install': False, 'path': '/home/aokilab/lab/lsl_ws/src/lsl', 'symlink_install': False, 'test_result_base': None}
[0.190s] INFO:colcon.colcon_core.executor:Executing jobs using 'parallel' executor
[0.191s] DEBUG:colcon.colcon_parallel_executor.executor.parallel:run_until_complete
[0.191s] INFO:colcon.colcon_ros.task.ament_cmake.build:Building ROS package in '/home/aokilab/lab/lsl_ws/src/lsl' with build type 'ament_cmake'
[0.191s] INFO:colcon.colcon_cmake.task.cmake.build:Building CMake package in '/home/aokilab/lab/lsl_ws/src/lsl'
[0.193s] INFO:colcon.colcon_core.plugin_system:Skipping extension 'colcon_core.shell.bat': Not used on non-Windows systems
[0.193s] INFO:colcon.colcon_core.shell:Skip shell extension 'powershell' for command environment: Not usable outside of PowerShell
[0.193s] DEBUG:colcon.colcon_core.shell:Skip shell extension 'dsv' for command environment
[0.200s] DEBUG:colcon.colcon_core.event_handler.log_command:Invoking command in '/home/aokilab/lab/lsl_ws/build/lsl': CMAKE_PREFIX_PATH=/opt/ros/humble /usr/bin/cmake --build /home/aokilab/lab/lsl_ws/build/lsl -- -j22 -l22
[2.709s] DEBUG:colcon.colcon_core.event_handler.log_command:Invoked command in '/home/aokilab/lab/lsl_ws/build/lsl' returned '0': CMAKE_PREFIX_PATH=/opt/ros/humble /usr/bin/cmake --build /home/aokilab/lab/lsl_ws/build/lsl -- -j22 -l22
[2.714s] DEBUG:colcon.colcon_core.event_handler.log_command:Invoking command in '/home/aokilab/lab/lsl_ws/build/lsl': CMAKE_PREFIX_PATH=/opt/ros/humble /usr/bin/cmake --install /home/aokilab/lab/lsl_ws/build/lsl
[2.913s] Level 1:colcon.colcon_core.environment:create_environment_scripts_only(lsl)
[2.913s] DEBUG:colcon.colcon_core.event_handler.log_command:Invoked command in '/home/aokilab/lab/lsl_ws/build/lsl' returned '0': CMAKE_PREFIX_PATH=/opt/ros/humble /usr/bin/cmake --install /home/aokilab/lab/lsl_ws/build/lsl
[2.916s] Level 1:colcon.colcon_core.environment:checking '/home/aokilab/lab/lsl_ws/install/lsl' for CMake module files
[2.917s] Level 1:colcon.colcon_core.environment:checking '/home/aokilab/lab/lsl_ws/install/lsl' for CMake config files
[2.917s] Level 1:colcon.colcon_core.shell:create_environment_hook('lsl', 'cmake_prefix_path')
[2.917s] INFO:colcon.colcon_core.shell:Creating environment hook '/home/aokilab/lab/lsl_ws/install/lsl/share/lsl/hook/cmake_prefix_path.ps1'
[2.918s] INFO:colcon.colcon_core.shell:Creating environment descriptor '/home/aokilab/lab/lsl_ws/install/lsl/share/lsl/hook/cmake_prefix_path.dsv'
[2.918s] INFO:colcon.colcon_core.shell:Creating environment hook '/home/aokilab/lab/lsl_ws/install/lsl/share/lsl/hook/cmake_prefix_path.sh'
[2.919s] Level 1:colcon.colcon_core.environment:checking '/home/aokilab/lab/lsl_ws/install/lsl/lib'
[2.919s] Level 1:colcon.colcon_core.shell:create_environment_hook('lsl', 'ld_library_path_lib')
[2.919s] INFO:colcon.colcon_core.shell:Creating environment hook '/home/aokilab/lab/lsl_ws/install/lsl/share/lsl/hook/ld_library_path_lib.ps1'
[2.920s] INFO:colcon.colcon_core.shell:Creating environment descriptor '/home/aokilab/lab/lsl_ws/install/lsl/share/lsl/hook/ld_library_path_lib.dsv'
[2.920s] INFO:colcon.colcon_core.shell:Creating environment hook '/home/aokilab/lab/lsl_ws/install/lsl/share/lsl/hook/ld_library_path_lib.sh'
[2.920s] Level 1:colcon.colcon_core.environment:checking '/home/aokilab/lab/lsl_ws/install/lsl/bin'
[2.920s] Level 1:colcon.colcon_core.environment:checking '/home/aokilab/lab/lsl_ws/install/lsl/lib/pkgconfig/lsl.pc'
[2.920s] Level 1:colcon.colcon_core.environment:checking '/home/aokilab/lab/lsl_ws/install/lsl/lib/python3.10/site-packages'
[2.920s] Level 1:colcon.colcon_core.environment:checking '/home/aokilab/lab/lsl_ws/install/lsl/bin'
[2.921s] INFO:colcon.colcon_core.shell:Creating package script '/home/aokilab/lab/lsl_ws/install/lsl/share/lsl/package.ps1'
[2.921s] INFO:colcon.colcon_core.shell:Creating package descriptor '/home/aokilab/lab/lsl_ws/install/lsl/share/lsl/package.dsv'
[2.922s] INFO:colcon.colcon_core.shell:Creating package script '/home/aokilab/lab/lsl_ws/install/lsl/share/lsl/package.sh'
[2.922s] INFO:colcon.colcon_core.shell:Creating package script '/home/aokilab/lab/lsl_ws/install/lsl/share/lsl/package.bash'
[2.923s] INFO:colcon.colcon_core.shell:Creating package script '/home/aokilab/lab/lsl_ws/install/lsl/share/lsl/package.zsh'
[2.923s] Level 1:colcon.colcon_core.environment:create_file_with_runtime_dependencies(/home/aokilab/lab/lsl_ws/install/lsl/share/colcon-core/packages/lsl)
[2.924s] Level 1:colcon.colcon_core.environment:create_environment_scripts_only(lsl)
[2.924s] Level 1:colcon.colcon_core.environment:checking '/home/aokilab/lab/lsl_ws/install/lsl' for CMake module files
[2.924s] Level 1:colcon.colcon_core.environment:checking '/home/aokilab/lab/lsl_ws/install/lsl' for CMake config files
[2.925s] Level 1:colcon.colcon_core.shell:create_environment_hook('lsl', 'cmake_prefix_path')
[2.925s] INFO:colcon.colcon_core.shell:Creating environment hook '/home/aokilab/lab/lsl_ws/install/lsl/share/lsl/hook/cmake_prefix_path.ps1'
[2.925s] INFO:colcon.colcon_core.shell:Creating environment descriptor '/home/aokilab/lab/lsl_ws/install/lsl/share/lsl/hook/cmake_prefix_path.dsv'
[2.925s] INFO:colcon.colcon_core.shell:Creating environment hook '/home/aokilab/lab/lsl_ws/install/lsl/share/lsl/hook/cmake_prefix_path.sh'
[2.926s] Level 1:colcon.colcon_core.environment:checking '/home/aokilab/lab/lsl_ws/install/lsl/lib'
[2.926s] Level 1:colcon.colcon_core.shell:create_environment_hook('lsl', 'ld_library_path_lib')
[2.926s] INFO:colcon.colcon_core.shell:Creating environment hook '/home/aokilab/lab/lsl_ws/install/lsl/share/lsl/hook/ld_library_path_lib.ps1'
[2.926s] INFO:colcon.colcon_core.shell:Creating environment descriptor '/home/aokilab/lab/lsl_ws/install/lsl/share/lsl/hook/ld_library_path_lib.dsv'
[2.926s] INFO:colcon.colcon_core.shell:Creating environment hook '/home/aokilab/lab/lsl_ws/install/lsl/share/lsl/hook/ld_library_path_lib.sh'
[2.927s] Level 1:colcon.colcon_core.environment:checking '/home/aokilab/lab/lsl_ws/install/lsl/bin'
[2.927s] Level 1:colcon.colcon_core.environment:checking '/home/aokilab/lab/lsl_ws/install/lsl/lib/pkgconfig/lsl.pc'
[2.927s] Level 1:colcon.colcon_core.environment:checking '/home/aokilab/lab/lsl_ws/install/lsl/lib/python3.10/site-packages'
[2.927s] Level 1:colcon.colcon_core.environment:checking '/home/aokilab/lab/lsl_ws/install/lsl/bin'
[2.927s] INFO:colcon.colcon_core.shell:Creating package script '/home/aokilab/lab/lsl_ws/install/lsl/share/lsl/package.ps1'
[2.928s] INFO:colcon.colcon_core.shell:Creating package descriptor '/home/aokilab/lab/lsl_ws/install/lsl/share/lsl/package.dsv'
[2.928s] INFO:colcon.colcon_core.shell:Creating package script '/home/aokilab/lab/lsl_ws/install/lsl/share/lsl/package.sh'
[2.929s] INFO:colcon.colcon_core.shell:Creating package script '/home/aokilab/lab/lsl_ws/install/lsl/share/lsl/package.bash'
[2.929s] INFO:colcon.colcon_core.shell:Creating package script '/home/aokilab/lab/lsl_ws/install/lsl/share/lsl/package.zsh'
[2.929s] Level 1:colcon.colcon_core.environment:create_file_with_runtime_dependencies(/home/aokilab/lab/lsl_ws/install/lsl/share/colcon-core/packages/lsl)
[2.930s] DEBUG:colcon.colcon_parallel_executor.executor.parallel:closing loop
[2.930s] DEBUG:colcon.colcon_parallel_executor.executor.parallel:loop closed
[2.930s] DEBUG:colcon.colcon_parallel_executor.executor.parallel:run_until_complete finished with '0'
[2.930s] DEBUG:colcon.colcon_core.event_reactor:joining thread
[2.934s] INFO:colcon.colcon_core.plugin_system:Skipping extension 'colcon_notification.desktop_notification.terminal_notifier': Not used on non-Darwin systems
[2.934s] INFO:colcon.colcon_core.plugin_system:Skipping extension 'colcon_notification.desktop_notification.win32': Not used on non-Windows systems
[2.934s] INFO:colcon.colcon_notification.desktop_notification:Sending desktop notification using 'notify2'
[2.942s] DEBUG:colcon.colcon_core.event_reactor:joined thread
[2.942s] INFO:colcon.colcon_core.shell:Creating prefix script '/home/aokilab/lab/lsl_ws/install/local_setup.ps1'
[2.942s] INFO:colcon.colcon_core.shell:Creating prefix util module '/home/aokilab/lab/lsl_ws/install/_local_setup_util_ps1.py'
[2.943s] INFO:colcon.colcon_core.shell:Creating prefix chain script '/home/aokilab/lab/lsl_ws/install/setup.ps1'
[2.943s] INFO:colcon.colcon_core.shell:Creating prefix script '/home/aokilab/lab/lsl_ws/install/local_setup.sh'
[2.944s] INFO:colcon.colcon_core.shell:Creating prefix util module '/home/aokilab/lab/lsl_ws/install/_local_setup_util_sh.py'
[2.944s] INFO:colcon.colcon_core.shell:Creating prefix chain script '/home/aokilab/lab/lsl_ws/install/setup.sh'
[2.944s] INFO:colcon.colcon_core.shell:Creating prefix script '/home/aokilab/lab/lsl_ws/install/local_setup.bash'
[2.945s] INFO:colcon.colcon_core.shell:Creating prefix chain script '/home/aokilab/lab/lsl_ws/install/setup.bash'
[2.945s] INFO:colcon.colcon_core.shell:Creating prefix script '/home/aokilab/lab/lsl_ws/install/local_setup.zsh'
[2.945s] INFO:colcon.colcon_core.shell:Creating prefix chain script '/home/aokilab/lab/lsl_ws/install/setup.zsh'
