-- Found ament_cmake: 1.3.12 (/opt/ros/humble/share/ament_cmake/cmake)
-- Override CMake install command with custom implementation using symlinks instead of copying resources
-- Found rclcpp: 16.0.15 (/opt/ros/humble/share/rclcpp/cmake)
-- Found rosidl_generator_c: 3.1.7 (/opt/ros/humble/share/rosidl_generator_c/cmake)
-- Found rosidl_adapter: 3.1.7 (/opt/ros/humble/share/rosidl_adapter/cmake)
-- Found rosidl_generator_cpp: 3.1.7 (/opt/ros/humble/share/rosidl_generator_cpp/cmake)
-- Using all available rosidl_typesupport_c: rosidl_typesupport_fastrtps_c;rosidl_typesupport_introspection_c
-- Using all available rosidl_typesupport_cpp: rosidl_typesupport_fastrtps_cpp;rosidl_typesupport_introspection_cpp
-- Found rmw_implementation_cmake: 6.1.2 (/opt/ros/humble/share/rmw_implementation_cmake/cmake)
-- Found rmw_fastrtps_cpp: 6.2.8 (/opt/ros/humble/share/rmw_fastrtps_cpp/cmake)
-- Using RMW implementation 'rmw_fastrtps_cpp' as default
-- Found rosidl_default_generators: 1.2.0 (/opt/ros/humble/share/rosidl_default_generators/cmake)
-- Found ament_cmake_ros: 0.10.0 (/opt/ros/humble/share/ament_cmake_ros/cmake)
-- Using all available rosidl_typesupport_c: rosidl_typesupport_fastrtps_c;rosidl_typesupport_introspection_c
-- Using all available rosidl_typesupport_cpp: rosidl_typesupport_fastrtps_cpp;rosidl_typesupport_introspection_cpp
-- Found python_cmake_module: 0.10.0 (/opt/ros/humble/share/python_cmake_module/cmake)
-- Using PYTHON_EXECUTABLE: /usr/bin/python3
-- Using PYTHON_INCLUDE_DIRS: /usr/include/python3.10
-- Using PYTHON_LIBRARIES: /usr/lib/x86_64-linux-gnu/libpython3.10.so
-- Configuring done (1.3s)
-- Generating done (0.0s)
-- Build files have been written to: /home/aokilab/lab/lsl_ws/build/lsl
[  2%] Built target lsl__cpp
[ 11%] Built target lsl__rosidl_generator_c
[ 11%] Built target ament_cmake_python_symlink_lsl
[ 17%] Built target lsl_node
[ 25%] Built target lsl__rosidl_typesupport_fastrtps_cpp
[ 34%] Built target lsl__rosidl_typesupport_introspection_cpp
[ 48%] Built target lsl__rosidl_typesupport_fastrtps_c
[ 51%] Built target lsl__rosidl_typesupport_c
[ 68%] Built target lsl__rosidl_typesupport_introspection_c
[ 68%] Built target lsl__rosidl_typesupport_cpp
[ 71%] [32mBuilding CXX object CMakeFiles/EEG_Stream_to_ROS.dir/src/EEG_Stream_to_ROS.cpp.o[0m
[ 71%] Built target lsl
[ 74%] Built target lsl__py
[ 80%] Built target lsl__rosidl_generator_py
[ 85%] Built target lsl__rosidl_typesupport_c__pyext
[ 97%] Built target lsl__rosidl_typesupport_fastrtps_c__pyext
[ 97%] Built target lsl__rosidl_typesupport_introspection_c__pyext
running egg_info
writing lsl.egg-info/PKG-INFO
writing dependency_links to lsl.egg-info/dependency_links.txt
writing top-level names to lsl.egg-info/top_level.txt
reading manifest file 'lsl.egg-info/SOURCES.txt'
writing manifest file 'lsl.egg-info/SOURCES.txt'
[ 97%] Built target ament_cmake_python_build_lsl_egg
