-- Found ament_cmake: 1.3.12 (/opt/ros/humble/share/ament_cmake/cmake)
-- Override CMake install command with custom implementation using symlinks instead of copying resources
-- Found rclcpp: 16.0.15 (/opt/ros/humble/share/rclcpp/cmake)
-- Found rosidl_generator_c: 3.1.7 (/opt/ros/humble/share/rosidl_generator_c/cmake)
-- Found rosidl_adapter: 3.1.7 (/opt/ros/humble/share/rosidl_adapter/cmake)
-- Found rosidl_generator_cpp: 3.1.7 (/opt/ros/humble/share/rosidl_generator_cpp/cmake)
-- Using all available rosidl_typesupport_c: rosidl_typesupport_fastrtps_c;rosidl_typesupport_introspection_c
-- Using all available rosidl_typesupport_cpp: rosidl_typesupport_fastrtps_cpp;rosidl_typesupport_introspection_cpp
-- Found rmw_implementation_cmake: 6.1.2 (/opt/ros/humble/share/rmw_implementation_cmake/cmake)
-- Found rmw_fastrtps_cpp: 6.2.8 (/opt/ros/humble/share/rmw_fastrtps_cpp/cmake)
-- Using RMW implementation 'rmw_fastrtps_cpp' as default
-- Found rosidl_default_generators: 1.2.0 (/opt/ros/humble/share/rosidl_default_generators/cmake)
-- Found ament_cmake_ros: 0.10.0 (/opt/ros/humble/share/ament_cmake_ros/cmake)
-- Using all available rosidl_typesupport_c: rosidl_typesupport_fastrtps_c;rosidl_typesupport_introspection_c
-- Using all available rosidl_typesupport_cpp: rosidl_typesupport_fastrtps_cpp;rosidl_typesupport_introspection_cpp
[33mCMake Warning (dev) at /opt/ros/humble/share/rosidl_generator_py/cmake/rosidl_generator_py_generate_interfaces.cmake:20 (find_package):
  Policy CMP0148 is not set: The FindPythonInterp and FindPythonLibs modules
  are removed.  Run "cmake --help-policy CMP0148" for policy details.  Use
  the cmake_policy command to set the policy and suppress this warning.

Call Stack (most recent call first):
  /opt/ros/humble/share/ament_cmake_core/cmake/core/ament_execute_extensions.cmake:48 (include)
  /opt/ros/humble/share/rosidl_cmake/cmake/rosidl_generate_interfaces.cmake:286 (ament_execute_extensions)
  CMakeLists.txt:11 (rosidl_generate_interfaces)
This warning is for project developers.  Use -Wno-dev to suppress it.
[0m
-- Found python_cmake_module: 0.10.0 (/opt/ros/humble/share/python_cmake_module/cmake)
[33mCMake Warning (dev) at /opt/ros/humble/share/python_cmake_module/cmake/Modules/FindPythonExtra.cmake:52 (find_package):
  Policy CMP0148 is not set: The FindPythonInterp and FindPythonLibs modules
  are removed.  Run "cmake --help-policy CMP0148" for policy details.  Use
  the cmake_policy command to set the policy and suppress this warning.

Call Stack (most recent call first):
  /opt/ros/humble/share/rosidl_generator_py/cmake/rosidl_generator_py_generate_interfaces.cmake:23 (find_package)
  /opt/ros/humble/share/ament_cmake_core/cmake/core/ament_execute_extensions.cmake:48 (include)
  /opt/ros/humble/share/rosidl_cmake/cmake/rosidl_generate_interfaces.cmake:286 (ament_execute_extensions)
  CMakeLists.txt:11 (rosidl_generate_interfaces)
This warning is for project developers.  Use -Wno-dev to suppress it.
[0m
[33mCMake Warning (dev) at /opt/ros/humble/share/python_cmake_module/cmake/Modules/FindPythonExtra.cmake:140 (find_package):
  Policy CMP0148 is not set: The FindPythonInterp and FindPythonLibs modules
  are removed.  Run "cmake --help-policy CMP0148" for policy details.  Use
  the cmake_policy command to set the policy and suppress this warning.

Call Stack (most recent call first):
  /opt/ros/humble/share/rosidl_generator_py/cmake/rosidl_generator_py_generate_interfaces.cmake:23 (find_package)
  /opt/ros/humble/share/ament_cmake_core/cmake/core/ament_execute_extensions.cmake:48 (include)
  /opt/ros/humble/share/rosidl_cmake/cmake/rosidl_generate_interfaces.cmake:286 (ament_execute_extensions)
  CMakeLists.txt:11 (rosidl_generate_interfaces)
This warning is for project developers.  Use -Wno-dev to suppress it.
[0m
-- Using PYTHON_EXECUTABLE: /usr/bin/python3
-- Using PYTHON_INCLUDE_DIRS: /usr/include/python3.10
-- Using PYTHON_LIBRARIES: /usr/lib/x86_64-linux-gnu/libpython3.10.so
-- Configuring done (1.2s)
-- Generating done (0.0s)
-- Build files have been written to: /home/aokilab/lab/lsl_ws/build/lsl
[  2%] [1m[34mGenerating C code for ROS interfaces[0m
[  5%] [1m[34mGenerating C++ code for ROS interfaces[0m
[  5%] Built target ament_cmake_python_symlink_lsl
[  8%] [32mBuilding C object CMakeFiles/lsl__rosidl_generator_c.dir/rosidl_generator_c/lsl/msg/detail/eeg__functions.c.o[0m
running egg_info
writing lsl.egg-info/PKG-INFO
writing dependency_links to lsl.egg-info/dependency_links.txt
writing top-level names to lsl.egg-info/top_level.txt
reading manifest file 'lsl.egg-info/SOURCES.txt'
writing manifest file 'lsl.egg-info/SOURCES.txt'
[  8%] Built target lsl__cpp
[ 11%] [1m[34mGenerating C++ type support for eProsima Fast-RTPS[0m
[ 17%] [1m[34mGenerating C++ introspection for ROS interfaces[0m
[ 17%] [1m[34mGenerating C++ type support dispatch for ROS interfaces[0m
[ 17%] Built target ament_cmake_python_build_lsl_egg
[ 20%] [1m[32mLinking C shared library liblsl__rosidl_generator_c.so[0m
[ 20%] Built target lsl__rosidl_generator_c
[ 28%] [1m[34mGenerating C introspection for ROS interfaces[0m
[ 28%] [1m[34mGenerating C type support dispatch for ROS interfaces[0m
[ 28%] [1m[34mGenerating C type support for eProsima Fast-RTPS[0m
[ 31%] [32mBuilding CXX object CMakeFiles/lsl__rosidl_typesupport_cpp.dir/rosidl_typesupport_cpp/lsl/msg/eeg__type_support.cpp.o[0m
[ 34%] [32mBuilding CXX object CMakeFiles/lsl__rosidl_typesupport_introspection_cpp.dir/rosidl_typesupport_introspection_cpp/lsl/msg/detail/eeg__type_support.cpp.o[0m
[ 37%] [32mBuilding CXX object CMakeFiles/lsl__rosidl_typesupport_fastrtps_cpp.dir/rosidl_typesupport_fastrtps_cpp/lsl/msg/detail/dds_fastrtps/eeg__type_support.cpp.o[0m
[ 40%] [32mBuilding CXX object CMakeFiles/lsl__rosidl_typesupport_c.dir/rosidl_typesupport_c/lsl/msg/eeg__type_support.cpp.o[0m
[ 42%] [32mBuilding CXX object CMakeFiles/lsl__rosidl_typesupport_fastrtps_c.dir/rosidl_typesupport_fastrtps_c/lsl/msg/detail/eeg__type_support_c.cpp.o[0m
[ 45%] [32mBuilding C object CMakeFiles/lsl__rosidl_typesupport_introspection_c.dir/rosidl_typesupport_introspection_c/lsl/msg/detail/eeg__type_support.c.o[0m
[ 48%] [1m[32mLinking CXX shared library liblsl__rosidl_typesupport_c.so[0m
[ 51%] [1m[32mLinking C shared library liblsl__rosidl_typesupport_introspection_c.so[0m
[ 51%] Built target lsl__rosidl_typesupport_c
[ 51%] Built target lsl__rosidl_typesupport_introspection_c
[ 54%] [1m[32mLinking CXX shared library liblsl__rosidl_typesupport_cpp.so[0m
[ 54%] Built target lsl__rosidl_typesupport_cpp
[ 57%] [32mBuilding CXX object CMakeFiles/EEG_Stream_to_ROS.dir/src/EEG_Stream_to_ROS.cpp.o[0m
[ 62%] Built target lsl_node
[ 65%] [1m[32mLinking CXX shared library liblsl__rosidl_typesupport_fastrtps_c.so[0m
[ 68%] [1m[32mLinking CXX shared library liblsl__rosidl_typesupport_introspection_cpp.so[0m
[ 71%] [1m[32mLinking CXX shared library liblsl__rosidl_typesupport_fastrtps_cpp.so[0m
[ 71%] Built target lsl__rosidl_typesupport_fastrtps_c
[ 71%] Built target lsl__rosidl_typesupport_introspection_cpp
[01m[K/home/aokilab/lab/lsl_ws/src/lsl/src/EEG_Stream_to_ROS.cpp:3:10:[m[K [01;31m[Kfatal error: [m[Klsl/msg/eeg.hpp: そのようなファイルやディレクトリはありません
    3 | #include [01;31m[K"lsl/msg/eeg.hpp"[m[K  // 生成されるメッセージ
      |          [01;31m[K^~~~~~~~~~~~~~~~~[m[K
compilation terminated.
gmake[2]: *** [CMakeFiles/EEG_Stream_to_ROS.dir/build.make:79: CMakeFiles/EEG_Stream_to_ROS.dir/src/EEG_Stream_to_ROS.cpp.o] エラー 1
gmake[1]: *** [CMakeFiles/Makefile2:763: CMakeFiles/EEG_Stream_to_ROS.dir/all] エラー 2
gmake[1]: *** 未完了のジョブを待っています....
[ 71%] Built target lsl__rosidl_typesupport_fastrtps_cpp
gmake: *** [Makefile:146: all] エラー 2
