[0.009s] Invoking command in '/home/aokilab/lab/lsl_ws/build/lsl': CMAKE_PREFIX_PATH=/opt/ros/humble /usr/bin/cmake --build /home/aokilab/lab/lsl_ws/build/lsl -- -j22 -l22
[0.023s] -- Found ament_cmake: 1.3.12 (/opt/ros/humble/share/ament_cmake/cmake)
[0.140s] -- Override CMake install command with custom implementation using symlinks instead of copying resources
[0.144s] -- Found rclcpp: 16.0.15 (/opt/ros/humble/share/rclcpp/cmake)
[0.160s] -- Found rosidl_generator_c: 3.1.7 (/opt/ros/humble/share/rosidl_generator_c/cmake)
[0.161s] -- Found rosidl_adapter: 3.1.7 (/opt/ros/humble/share/rosidl_adapter/cmake)
[0.164s] -- Found rosidl_generator_cpp: 3.1.7 (/opt/ros/humble/share/rosidl_generator_cpp/cmake)
[0.169s] -- Using all available rosidl_typesupport_c: rosidl_typesupport_fastrtps_c;rosidl_typesupport_introspection_c
[0.176s] -- Using all available rosidl_typesupport_cpp: rosidl_typesupport_fastrtps_cpp;rosidl_typesupport_introspection_cpp
[0.195s] -- Found rmw_implementation_cmake: 6.1.2 (/opt/ros/humble/share/rmw_implementation_cmake/cmake)
[0.196s] -- Found rmw_fastrtps_cpp: 6.2.8 (/opt/ros/humble/share/rmw_fastrtps_cpp/cmake)
[0.268s] -- Using RMW implementation 'rmw_fastrtps_cpp' as default
[0.301s] -- Found rosidl_default_generators: 1.2.0 (/opt/ros/humble/share/rosidl_default_generators/cmake)
[0.565s] -- Found ament_cmake_ros: 0.10.0 (/opt/ros/humble/share/ament_cmake_ros/cmake)
[1.002s] -- Using all available rosidl_typesupport_c: rosidl_typesupport_fastrtps_c;rosidl_typesupport_introspection_c
[1.184s] -- Using all available rosidl_typesupport_cpp: rosidl_typesupport_fastrtps_cpp;rosidl_typesupport_introspection_cpp
[1.185s] [33mCMake Warning (dev) at /opt/ros/humble/share/rosidl_generator_py/cmake/rosidl_generator_py_generate_interfaces.cmake:20 (find_package):
[1.186s]   Policy CMP0148 is not set: The FindPythonInterp and FindPythonLibs modules
[1.186s]   are removed.  Run "cmake --help-policy CMP0148" for policy details.  Use
[1.186s]   the cmake_policy command to set the policy and suppress this warning.
[1.186s] 
[1.186s] Call Stack (most recent call first):
[1.186s]   /opt/ros/humble/share/ament_cmake_core/cmake/core/ament_execute_extensions.cmake:48 (include)
[1.186s]   /opt/ros/humble/share/rosidl_cmake/cmake/rosidl_generate_interfaces.cmake:286 (ament_execute_extensions)
[1.186s]   CMakeLists.txt:11 (rosidl_generate_interfaces)
[1.186s] This warning is for project developers.  Use -Wno-dev to suppress it.
[1.186s] [0m
[1.199s] -- Found python_cmake_module: 0.10.0 (/opt/ros/humble/share/python_cmake_module/cmake)
[1.199s] [33mCMake Warning (dev) at /opt/ros/humble/share/python_cmake_module/cmake/Modules/FindPythonExtra.cmake:52 (find_package):
[1.199s]   Policy CMP0148 is not set: The FindPythonInterp and FindPythonLibs modules
[1.200s]   are removed.  Run "cmake --help-policy CMP0148" for policy details.  Use
[1.200s]   the cmake_policy command to set the policy and suppress this warning.
[1.200s] 
[1.200s] Call Stack (most recent call first):
[1.200s]   /opt/ros/humble/share/rosidl_generator_py/cmake/rosidl_generator_py_generate_interfaces.cmake:23 (find_package)
[1.200s]   /opt/ros/humble/share/ament_cmake_core/cmake/core/ament_execute_extensions.cmake:48 (include)
[1.200s]   /opt/ros/humble/share/rosidl_cmake/cmake/rosidl_generate_interfaces.cmake:286 (ament_execute_extensions)
[1.200s]   CMakeLists.txt:11 (rosidl_generate_interfaces)
[1.200s] This warning is for project developers.  Use -Wno-dev to suppress it.
[1.200s] [0m
[1.212s] [33mCMake Warning (dev) at /opt/ros/humble/share/python_cmake_module/cmake/Modules/FindPythonExtra.cmake:140 (find_package):
[1.212s]   Policy CMP0148 is not set: The FindPythonInterp and FindPythonLibs modules
[1.212s]   are removed.  Run "cmake --help-policy CMP0148" for policy details.  Use
[1.212s]   the cmake_policy command to set the policy and suppress this warning.
[1.212s] 
[1.212s] Call Stack (most recent call first):
[1.212s]   /opt/ros/humble/share/rosidl_generator_py/cmake/rosidl_generator_py_generate_interfaces.cmake:23 (find_package)
[1.212s]   /opt/ros/humble/share/ament_cmake_core/cmake/core/ament_execute_extensions.cmake:48 (include)
[1.212s]   /opt/ros/humble/share/rosidl_cmake/cmake/rosidl_generate_interfaces.cmake:286 (ament_execute_extensions)
[1.212s]   CMakeLists.txt:11 (rosidl_generate_interfaces)
[1.212s] This warning is for project developers.  Use -Wno-dev to suppress it.
[1.212s] [0m
[1.213s] -- Using PYTHON_EXECUTABLE: /usr/bin/python3
[1.213s] -- Using PYTHON_INCLUDE_DIRS: /usr/include/python3.10
[1.213s] -- Using PYTHON_LIBRARIES: /usr/lib/x86_64-linux-gnu/libpython3.10.so
[1.230s] -- Configuring done (1.2s)
[1.253s] -- Generating done (0.0s)
[1.258s] -- Build files have been written to: /home/aokilab/lab/lsl_ws/build/lsl
[1.274s] [  2%] [1m[34mGenerating C code for ROS interfaces[0m
[1.280s] [  5%] [1m[34mGenerating C++ code for ROS interfaces[0m
[1.281s] [  5%] Built target ament_cmake_python_symlink_lsl
[1.408s] [  8%] [32mBuilding C object CMakeFiles/lsl__rosidl_generator_c.dir/rosidl_generator_c/lsl/msg/detail/eeg__functions.c.o[0m
[1.413s] running egg_info
[1.414s] writing lsl.egg-info/PKG-INFO
[1.414s] writing dependency_links to lsl.egg-info/dependency_links.txt
[1.414s] writing top-level names to lsl.egg-info/top_level.txt
[1.415s] reading manifest file 'lsl.egg-info/SOURCES.txt'
[1.415s] writing manifest file 'lsl.egg-info/SOURCES.txt'
[1.416s] [  8%] Built target lsl__cpp
[1.421s] [ 11%] [1m[34mGenerating C++ type support for eProsima Fast-RTPS[0m
[1.421s] [ 17%] [1m[34mGenerating C++ introspection for ROS interfaces[0m
[1.421s] [ 17%] [1m[34mGenerating C++ type support dispatch for ROS interfaces[0m
[1.429s] [ 17%] Built target ament_cmake_python_build_lsl_egg
[1.440s] [ 20%] [1m[32mLinking C shared library liblsl__rosidl_generator_c.so[0m
[1.462s] [ 20%] Built target lsl__rosidl_generator_c
[1.466s] [ 28%] [1m[34mGenerating C introspection for ROS interfaces[0m
[1.466s] [ 28%] [1m[34mGenerating C type support dispatch for ROS interfaces[0m
[1.466s] [ 28%] [1m[34mGenerating C type support for eProsima Fast-RTPS[0m
[1.548s] [ 31%] [32mBuilding CXX object CMakeFiles/lsl__rosidl_typesupport_cpp.dir/rosidl_typesupport_cpp/lsl/msg/eeg__type_support.cpp.o[0m
[1.549s] [ 34%] [32mBuilding CXX object CMakeFiles/lsl__rosidl_typesupport_introspection_cpp.dir/rosidl_typesupport_introspection_cpp/lsl/msg/detail/eeg__type_support.cpp.o[0m
[1.555s] [ 37%] [32mBuilding CXX object CMakeFiles/lsl__rosidl_typesupport_fastrtps_cpp.dir/rosidl_typesupport_fastrtps_cpp/lsl/msg/detail/dds_fastrtps/eeg__type_support.cpp.o[0m
[1.596s] [ 40%] [32mBuilding CXX object CMakeFiles/lsl__rosidl_typesupport_c.dir/rosidl_typesupport_c/lsl/msg/eeg__type_support.cpp.o[0m
[1.604s] [ 42%] [32mBuilding CXX object CMakeFiles/lsl__rosidl_typesupport_fastrtps_c.dir/rosidl_typesupport_fastrtps_c/lsl/msg/detail/eeg__type_support_c.cpp.o[0m
[1.612s] [ 45%] [32mBuilding C object CMakeFiles/lsl__rosidl_typesupport_introspection_c.dir/rosidl_typesupport_introspection_c/lsl/msg/detail/eeg__type_support.c.o[0m
[1.615s] [ 48%] [1m[32mLinking CXX shared library liblsl__rosidl_typesupport_c.so[0m
[1.635s] [ 51%] [1m[32mLinking C shared library liblsl__rosidl_typesupport_introspection_c.so[0m
[1.641s] [ 51%] Built target lsl__rosidl_typesupport_c
[1.650s] [ 51%] Built target lsl__rosidl_typesupport_introspection_c
[1.691s] [ 54%] [1m[32mLinking CXX shared library liblsl__rosidl_typesupport_cpp.so[0m
[1.713s] [ 54%] Built target lsl__rosidl_typesupport_cpp
[1.724s] [ 57%] [32mBuilding CXX object CMakeFiles/EEG_Stream_to_ROS.dir/src/EEG_Stream_to_ROS.cpp.o[0m
[1.729s] [ 62%] Built target lsl_node
[1.768s] [ 65%] [1m[32mLinking CXX shared library liblsl__rosidl_typesupport_fastrtps_c.so[0m
[1.776s] [ 68%] [1m[32mLinking CXX shared library liblsl__rosidl_typesupport_introspection_cpp.so[0m
[1.808s] [ 71%] [1m[32mLinking CXX shared library liblsl__rosidl_typesupport_fastrtps_cpp.so[0m
[1.815s] [ 71%] Built target lsl__rosidl_typesupport_fastrtps_c
[1.818s] [ 71%] Built target lsl__rosidl_typesupport_introspection_cpp
[1.828s] [01m[K/home/aokilab/lab/lsl_ws/src/lsl/src/EEG_Stream_to_ROS.cpp:3:10:[m[K [01;31m[Kfatal error: [m[Klsl/msg/eeg.hpp: そのようなファイルやディレクトリはありません
[1.828s]     3 | #include [01;31m[K"lsl/msg/eeg.hpp"[m[K  // 生成されるメッセージ
[1.828s]       |          [01;31m[K^~~~~~~~~~~~~~~~~[m[K
[1.828s] compilation terminated.
[1.830s] gmake[2]: *** [CMakeFiles/EEG_Stream_to_ROS.dir/build.make:79: CMakeFiles/EEG_Stream_to_ROS.dir/src/EEG_Stream_to_ROS.cpp.o] エラー 1
[1.830s] gmake[1]: *** [CMakeFiles/Makefile2:763: CMakeFiles/EEG_Stream_to_ROS.dir/all] エラー 2
[1.830s] gmake[1]: *** 未完了のジョブを待っています....
[1.846s] [ 71%] Built target lsl__rosidl_typesupport_fastrtps_cpp
[1.847s] gmake: *** [Makefile:146: all] エラー 2
[1.848s] Invoked command in '/home/aokilab/lab/lsl_ws/build/lsl' returned '2': CMAKE_PREFIX_PATH=/opt/ros/humble /usr/bin/cmake --build /home/aokilab/lab/lsl_ws/build/lsl -- -j22 -l22
